0 info it worked if it ends with ok
1 verbose cli [ 'node', '/usr/local/bin/npm', 'update', '-g', 'bower' ]
2 info using npm@1.3.21
3 info using node@v0.10.24
4 verbose url raw bower/latest
5 verbose url resolving [ 'https://registry.npmjs.org/', './bower/latest' ]
6 verbose url resolved https://registry.npmjs.org/bower/latest
7 info trying registry request attempt 1 at 14:48:27
8 http GET https://registry.npmjs.org/bower/latest
9 verbose url raw bower/latest
10 verbose url resolving [ 'https://registry.npmjs.org/', './bower/latest' ]
11 verbose url resolved https://registry.npmjs.org/bower/latest
12 info trying registry request attempt 1 at 14:48:27
13 http GET https://registry.npmjs.org/bower/latest
14 info retry will retry, error on last attempt: Error: connect EMFILE
15 http 200 https://registry.npmjs.org/bower/latest
16 silly registry.get cb [ 200,
16 silly registry.get   { date: 'Sat, 10 Jan 2015 19:48:27 GMT',
16 silly registry.get     server: 'CouchDB/1.5.0 (Erlang OTP/R16B03)',
16 silly registry.get     etag: '"BYI7C4JVWRZHCVTSQWF7ALTUS"',
16 silly registry.get     'content-type': 'application/json',
16 silly registry.get     'cache-control': 'max-age=60',
16 silly registry.get     'content-length': '2333',
16 silly registry.get     'accept-ranges': 'bytes',
16 silly registry.get     via: '1.1 varnish',
16 silly registry.get     age: '0',
16 silly registry.get     'x-served-by': 'cache-iad2144-IAD',
16 silly registry.get     'x-cache': 'MISS',
16 silly registry.get     'x-cache-hits': '0',
16 silly registry.get     'x-timer': 'S1420919307.788921,VS0,VE98',
16 silly registry.get     vary: 'Accept',
16 silly registry.get     'keep-alive': 'timeout=10, max=50',
16 silly registry.get     connection: 'Keep-Alive' } ]
17 verbose cache add [ 'bower', '*' ]
18 verbose cache add name="bower" spec="*" args=["bower","*"]
19 verbose parsed url { protocol: null,
19 verbose parsed url   slashes: null,
19 verbose parsed url   auth: null,
19 verbose parsed url   host: null,
19 verbose parsed url   port: null,
19 verbose parsed url   hostname: null,
19 verbose parsed url   hash: null,
19 verbose parsed url   search: null,
19 verbose parsed url   query: null,
19 verbose parsed url   pathname: '*',
19 verbose parsed url   path: '*',
19 verbose parsed url   href: '*' }
20 verbose addNamed [ 'bower', '*' ]
21 verbose addNamed [ null, '*' ]
22 silly lockFile b788227f-bower bower@*
23 verbose lock bower@* /Users/dev/.npm/b788227f-bower.lock
24 silly addNameRange { name: 'bower', range: '*', hasData: false }
25 verbose url raw bower
26 verbose url resolving [ 'https://registry.npmjs.org/', './bower' ]
27 verbose url resolved https://registry.npmjs.org/bower
28 info trying registry request attempt 1 at 14:48:28
29 verbose etag "BYI7C4JVWRZHCVTSQWF7ALTUS"
30 http GET https://registry.npmjs.org/bower
31 http 304 https://registry.npmjs.org/bower
32 silly registry.get cb [ 304,
32 silly registry.get   { date: 'Sat, 10 Jan 2015 19:48:28 GMT',
32 silly registry.get     server: 'Apache',
32 silly registry.get     via: '1.1 varnish',
32 silly registry.get     'last-modified': 'Sat, 10 Jan 2015 19:48:28 GMT',
32 silly registry.get     'cache-control': 'max-age=60',
32 silly registry.get     etag: '"BYI7C4JVWRZHCVTSQWF7ALTUS"',
32 silly registry.get     age: '26',
32 silly registry.get     'x-served-by': 'cache-iad2147-IAD',
32 silly registry.get     'x-cache': 'HIT',
32 silly registry.get     'x-cache-hits': '1',
32 silly registry.get     'x-timer': 'S1420919308.601222,VS0,VE0',
32 silly registry.get     vary: 'Accept',
32 silly registry.get     'content-length': '0',
32 silly registry.get     'keep-alive': 'timeout=10, max=50',
32 silly registry.get     connection: 'Keep-Alive' } ]
33 verbose etag bower from cache
34 silly addNameRange number 2 { name: 'bower', range: '*', hasData: true }
35 silly addNameRange versions [ 'bower',
35 silly addNameRange   [ '0.1.0',
35 silly addNameRange     '0.1.2',
35 silly addNameRange     '0.1.3',
35 silly addNameRange     '0.2.0',
35 silly addNameRange     '0.3.0',
35 silly addNameRange     '0.3.1',
35 silly addNameRange     '0.3.2',
35 silly addNameRange     '0.4.0',
35 silly addNameRange     '0.5.0',
35 silly addNameRange     '0.5.1',
35 silly addNameRange     '0.6.0',
35 silly addNameRange     '0.6.1',
35 silly addNameRange     '0.6.2',
35 silly addNameRange     '0.6.3',
35 silly addNameRange     '0.6.4',
35 silly addNameRange     '0.6.5',
35 silly addNameRange     '0.6.6',
35 silly addNameRange     '0.6.7',
35 silly addNameRange     '0.6.8',
35 silly addNameRange     '0.7.0',
35 silly addNameRange     '0.7.1',
35 silly addNameRange     '0.8.0',
35 silly addNameRange     '0.8.1',
35 silly addNameRange     '0.8.2',
35 silly addNameRange     '0.8.3',
35 silly addNameRange     '0.8.4',
35 silly addNameRange     '0.8.5',
35 silly addNameRange     '0.8.6',
35 silly addNameRange     '0.9.0',
35 silly addNameRange     '0.9.1',
35 silly addNameRange     '0.9.2',
35 silly addNameRange     '0.10.0',
35 silly addNameRange     '1.0.0',
35 silly addNameRange     '1.0.1',
35 silly addNameRange     '1.0.2',
35 silly addNameRange     '1.0.3',
35 silly addNameRange     '1.1.0',
35 silly addNameRange     '1.1.1',
35 silly addNameRange     '1.1.2',
35 silly addNameRange     '1.2.0',
35 silly addNameRange     '1.2.1',
35 silly addNameRange     '1.2.2',
35 silly addNameRange     '1.2.3',
35 silly addNameRange     '1.2.4',
35 silly addNameRange     '1.2.5',
35 silly addNameRange     '1.2.6',
35 silly addNameRange     '1.2.7',
35 silly addNameRange     '1.2.8',
35 silly addNameRange     '1.3.0',
35 silly addNameRange     '1.3.1',
35 silly addNameRange     '1.3.2',
35 silly addNameRange     '1.3.3',
35 silly addNameRange     '1.3.4',
35 silly addNameRange     '1.3.5',
35 silly addNameRange     '1.3.6',
35 silly addNameRange     '1.3.7',
35 silly addNameRange     '1.3.8',
35 silly addNameRange     '1.3.9',
35 silly addNameRange     '1.3.10',
35 silly addNameRange     '1.3.11',
35 silly addNameRange     '1.3.12' ] ]
36 verbose addNamed [ 'bower', '1.3.12' ]
37 verbose addNamed [ '1.3.12', '1.3.12' ]
38 silly lockFile 9819431c-bower-1-3-12 bower@1.3.12
39 verbose lock bower@1.3.12 /Users/dev/.npm/9819431c-bower-1-3-12.lock
40 silly lockFile b05fd70b-npmjs-org-bower-bower-1-3-12-tgz https://registry.npmjs.org/bower/-/bower-1.3.12.tgz
41 verbose lock https://registry.npmjs.org/bower/-/bower-1.3.12.tgz /Users/dev/.npm/b05fd70b-npmjs-org-bower-bower-1-3-12-tgz.lock
42 verbose addRemoteTarball [ 'https://registry.npmjs.org/bower/-/bower-1.3.12.tgz',
42 verbose addRemoteTarball   '37de0edb3904baf90aee13384a1a379a05ee214c' ]
43 info retry fetch attempt 1 at 14:48:28
44 verbose fetch to= /var/folders/q2/pcflv5xd4z35_whwqtb9n6pc0000gp/T/npm-4182-ezop4k2x/1420919308627-0.7409204342402518/tmp.tgz
45 http GET https://registry.npmjs.org/bower/-/bower-1.3.12.tgz
46 http 200 https://registry.npmjs.org/bower/-/bower-1.3.12.tgz
47 verbose tar unpack /var/folders/q2/pcflv5xd4z35_whwqtb9n6pc0000gp/T/npm-4182-ezop4k2x/1420919308627-0.7409204342402518/tmp.tgz
48 silly lockFile 14a732c2-08627-0-7409204342402518-package tar:///var/folders/q2/pcflv5xd4z35_whwqtb9n6pc0000gp/T/npm-4182-ezop4k2x/1420919308627-0.7409204342402518/package
49 verbose lock tar:///var/folders/q2/pcflv5xd4z35_whwqtb9n6pc0000gp/T/npm-4182-ezop4k2x/1420919308627-0.7409204342402518/package /Users/dev/.npm/14a732c2-08627-0-7409204342402518-package.lock
50 silly lockFile 6b4b8aed-08627-0-7409204342402518-tmp-tgz tar:///var/folders/q2/pcflv5xd4z35_whwqtb9n6pc0000gp/T/npm-4182-ezop4k2x/1420919308627-0.7409204342402518/tmp.tgz
51 verbose lock tar:///var/folders/q2/pcflv5xd4z35_whwqtb9n6pc0000gp/T/npm-4182-ezop4k2x/1420919308627-0.7409204342402518/tmp.tgz /Users/dev/.npm/6b4b8aed-08627-0-7409204342402518-tmp-tgz.lock
52 silly gunzTarPerm modes [ '755', '644' ]
53 silly gunzTarPerm extractEntry package.json
54 silly gunzTarPerm extractEntry .npmignore
55 silly gunzTarPerm extractEntry README.md
56 silly gunzTarPerm extractEntry LICENSE
57 silly gunzTarPerm extractEntry Gruntfile.js
58 silly gunzTarPerm extractEntry HOOKS.md
59 silly gunzTarPerm extractEntry CHANGELOG.md
60 silly gunzTarPerm extractEntry CONTRIBUTING.md
61 silly gunzTarPerm extractEntry .editorconfig
62 silly gunzTarPerm extractEntry .jshintrc
63 silly gunzTarPerm extractEntry bin/bower
64 silly gunzTarPerm extractEntry lib/config.js
65 silly gunzTarPerm extractEntry lib/index.js
66 silly gunzTarPerm extractEntry lib/commands/version.js
67 silly gunzTarPerm extractEntry lib/commands/info.js
68 silly gunzTarPerm extractEntry lib/commands/init.js
69 silly gunzTarPerm extractEntry lib/commands/install.js
70 silly gunzTarPerm extractEntry lib/commands/index.js
71 silly gunzTarPerm extractEntry lib/commands/list.js
72 silly gunzTarPerm extractEntry lib/commands/lookup.js
73 silly gunzTarPerm extractEntry lib/commands/prune.js
74 silly gunzTarPerm extractEntry lib/commands/register.js
75 silly gunzTarPerm extractEntry lib/commands/search.js
76 silly gunzTarPerm extractEntry lib/commands/home.js
77 silly gunzTarPerm extractEntry lib/commands/uninstall.js
78 silly gunzTarPerm extractEntry lib/commands/help.js
79 silly gunzTarPerm extractEntry lib/commands/update.js
80 silly gunzTarPerm extractEntry lib/commands/completion.js
81 silly gunzTarPerm extractEntry lib/commands/link.js
82 silly gunzTarPerm extractEntry lib/commands/cache/clean.js
83 silly gunzTarPerm extractEntry lib/commands/cache/list.js
84 silly gunzTarPerm extractEntry lib/core/Manager.js
85 silly gunzTarPerm extractEntry lib/core/PackageRepository.js
86 silly gunzTarPerm extractEntry lib/core/Project.js
87 silly gunzTarPerm extractEntry lib/core/ResolveCache.js
88 silly gunzTarPerm extractEntry lib/core/resolverFactory.js
89 silly gunzTarPerm extractEntry lib/core/scripts.js
90 silly gunzTarPerm extractEntry lib/core/resolvers/FsResolver.js
91 silly gunzTarPerm extractEntry lib/core/resolvers/GitFsResolver.js
92 silly gunzTarPerm extractEntry lib/core/resolvers/GitHubResolver.js
93 silly gunzTarPerm extractEntry lib/core/resolvers/GitRemoteResolver.js
94 silly gunzTarPerm extractEntry lib/core/resolvers/GitResolver.js
95 silly gunzTarPerm extractEntry lib/core/resolvers/Resolver.js
96 silly gunzTarPerm extractEntry lib/core/resolvers/SvnResolver.js
97 silly gunzTarPerm extractEntry lib/core/resolvers/UrlResolver.js
98 silly gunzTarPerm extractEntry lib/core/resolvers/index.js
99 silly gunzTarPerm extractEntry lib/renderers/JsonRenderer.js
100 silly gunzTarPerm extractEntry lib/renderers/StandardRenderer.js
101 silly gunzTarPerm extractEntry lib/renderers/index.js
102 silly gunzTarPerm extractEntry lib/util/analytics.js
103 silly gunzTarPerm extractEntry lib/util/createError.js
104 silly gunzTarPerm extractEntry lib/util/createLink.js
105 silly gunzTarPerm extractEntry lib/util/download.js
106 silly gunzTarPerm extractEntry lib/util/copy.js
107 silly gunzTarPerm extractEntry lib/util/md5.js
108 silly gunzTarPerm extractEntry lib/util/readJson.js
109 silly gunzTarPerm extractEntry lib/util/removeIgnores.js
110 silly gunzTarPerm extractEntry lib/util/rootCheck.js
111 silly gunzTarPerm extractEntry lib/util/semver.js
112 silly gunzTarPerm extractEntry lib/util/cmd.js
113 silly gunzTarPerm extractEntry lib/util/template.js
114 silly gunzTarPerm extractEntry lib/util/cli.js
115 silly gunzTarPerm extractEntry lib/util/validLink.js
116 silly gunzTarPerm extractEntry lib/util/extract.js
117 silly gunzTarPerm extractEntry templates/helpers/colors.js
118 silly gunzTarPerm extractEntry templates/helpers/condense.js
119 silly gunzTarPerm extractEntry templates/helpers/indent.js
120 silly gunzTarPerm extractEntry templates/helpers/index.js
121 silly gunzTarPerm extractEntry templates/helpers/rpad.js
122 silly gunzTarPerm extractEntry templates/helpers/sum.js
123 silly gunzTarPerm extractEntry templates/json/help-lookup.json
124 silly gunzTarPerm extractEntry templates/json/help-cache/clean.json
125 silly gunzTarPerm extractEntry templates/json/help-cache/list.json
126 silly gunzTarPerm extractEntry templates/json/help-home.json
127 silly gunzTarPerm extractEntry templates/json/help-info.json
128 silly gunzTarPerm extractEntry templates/json/help-init.json
129 silly gunzTarPerm extractEntry templates/json/help-install.json
130 silly gunzTarPerm extractEntry templates/json/help-link.json
131 silly gunzTarPerm extractEntry templates/json/help-list.json
132 silly gunzTarPerm extractEntry templates/json/help-cache.json
133 silly gunzTarPerm extractEntry templates/json/help-prune.json
134 silly gunzTarPerm extractEntry templates/json/help-register.json
135 silly gunzTarPerm extractEntry templates/json/help-search.json
136 silly gunzTarPerm extractEntry templates/json/help-uninstall.json
137 silly gunzTarPerm extractEntry templates/json/help-update.json
138 silly gunzTarPerm extractEntry templates/json/help-version.json
139 silly gunzTarPerm extractEntry templates/json/help.json
140 silly gunzTarPerm extractEntry templates/std/conflict-resolved.std
141 silly gunzTarPerm extractEntry templates/std/conflict.std
142 silly gunzTarPerm extractEntry templates/std/help-cache.std
143 silly gunzTarPerm extractEntry templates/std/help-generic.std
144 silly gunzTarPerm extractEntry templates/std/help.std
145 silly gunzTarPerm extractEntry templates/std/info.std
146 silly gunzTarPerm extractEntry templates/std/lookup.std
147 silly gunzTarPerm extractEntry templates/std/register.std
148 silly gunzTarPerm extractEntry templates/std/search-results.std
149 silly gunzTarPerm extractEntry .travis.yml
150 silly gunzTarPerm extractEntry test/helpers.js
151 silly gunzTarPerm extractEntry test/packages-svn.js
152 silly gunzTarPerm extractEntry test/packages.js
153 silly gunzTarPerm extractEntry test/test.js
154 silly gunzTarPerm extractEntry test/packages-svn.json
155 silly gunzTarPerm extractEntry test/commands/index.js
156 silly gunzTarPerm extractEntry test/commands/init.js
157 silly gunzTarPerm extractEntry test/commands/install.js
158 silly gunzTarPerm extractEntry test/commands/uninstall.js
159 silly gunzTarPerm extractEntry test/commands/update.js
160 silly gunzTarPerm extractEntry test/assets/package-zip-single-bower-json.zip
161 silly gunzTarPerm extractEntry test/assets/package-tar.tar.gz
162 silly gunzTarPerm extractEntry test/assets/package-zip-folder-single-file.zip
163 silly gunzTarPerm extractEntry test/assets/package-zip-folder.zip
164 silly gunzTarPerm extractEntry test/assets/package-zip-single-component-json.zip
165 silly gunzTarPerm extractEntry test/assets/package-zip-single-file.zip
166 silly gunzTarPerm extractEntry test/assets/package-zip.zip
167 silly gunzTarPerm extractEntry test/assets/resolve-cache/list-json-1.json
168 silly gunzTarPerm extractEntry test/assets/test-temp-dir/test-exception.js
169 silly gunzTarPerm extractEntry test/assets/test-temp-dir/test.js
170 silly gunzTarPerm extractEntry test/packages.json
171 silly gunzTarPerm extractEntry test/core/Manager.js
172 silly gunzTarPerm extractEntry test/core/packageRepository.js
173 silly gunzTarPerm extractEntry test/core/resolveCache.js
174 silly gunzTarPerm extractEntry test/core/resolverFactory.js
175 silly gunzTarPerm extractEntry test/core/scripts.js
176 silly gunzTarPerm extractEntry test/core/resolvers/fsResolver.js
177 silly gunzTarPerm extractEntry test/core/resolvers/gitFsResolver.js
178 silly gunzTarPerm extractEntry test/core/resolvers/gitHubResolver.js
179 silly gunzTarPerm extractEntry test/core/resolvers/gitRemoteResolver.js
180 silly gunzTarPerm extractEntry test/core/resolvers/gitResolver.js
181 silly gunzTarPerm extractEntry test/core/resolvers/resolver.js
182 silly gunzTarPerm extractEntry test/core/resolvers/svnResolver.js
183 silly gunzTarPerm extractEntry test/core/resolvers/urlResolver.js
184 silly gunzTarPerm extractEntry test/util/analytics.js
185 silly gunzTarPerm extractEntry test/util/index.js
186 silly gunzTarPerm extractEntry test/util/removeIgnores.js
187 silly lockFile 14a732c2-08627-0-7409204342402518-package tar:///var/folders/q2/pcflv5xd4z35_whwqtb9n6pc0000gp/T/npm-4182-ezop4k2x/1420919308627-0.7409204342402518/package
188 silly lockFile 14a732c2-08627-0-7409204342402518-package tar:///var/folders/q2/pcflv5xd4z35_whwqtb9n6pc0000gp/T/npm-4182-ezop4k2x/1420919308627-0.7409204342402518/package
189 silly lockFile 6b4b8aed-08627-0-7409204342402518-tmp-tgz tar:///var/folders/q2/pcflv5xd4z35_whwqtb9n6pc0000gp/T/npm-4182-ezop4k2x/1420919308627-0.7409204342402518/tmp.tgz
190 silly lockFile 6b4b8aed-08627-0-7409204342402518-tmp-tgz tar:///var/folders/q2/pcflv5xd4z35_whwqtb9n6pc0000gp/T/npm-4182-ezop4k2x/1420919308627-0.7409204342402518/tmp.tgz
191 verbose tar pack [ '/Users/dev/.npm/bower/1.3.12/package.tgz',
191 verbose tar pack   '/var/folders/q2/pcflv5xd4z35_whwqtb9n6pc0000gp/T/npm-4182-ezop4k2x/1420919308627-0.7409204342402518/package' ]
192 verbose tarball /Users/dev/.npm/bower/1.3.12/package.tgz
193 verbose folder /var/folders/q2/pcflv5xd4z35_whwqtb9n6pc0000gp/T/npm-4182-ezop4k2x/1420919308627-0.7409204342402518/package
194 silly lockFile 14a732c2-08627-0-7409204342402518-package tar:///var/folders/q2/pcflv5xd4z35_whwqtb9n6pc0000gp/T/npm-4182-ezop4k2x/1420919308627-0.7409204342402518/package
195 verbose lock tar:///var/folders/q2/pcflv5xd4z35_whwqtb9n6pc0000gp/T/npm-4182-ezop4k2x/1420919308627-0.7409204342402518/package /Users/dev/.npm/14a732c2-08627-0-7409204342402518-package.lock
196 silly lockFile 1b1f88c7-dev-npm-bower-1-3-12-package-tgz tar:///Users/dev/.npm/bower/1.3.12/package.tgz
197 verbose lock tar:///Users/dev/.npm/bower/1.3.12/package.tgz /Users/dev/.npm/1b1f88c7-dev-npm-bower-1-3-12-package-tgz.lock
198 silly lockFile 14a732c2-08627-0-7409204342402518-package tar:///var/folders/q2/pcflv5xd4z35_whwqtb9n6pc0000gp/T/npm-4182-ezop4k2x/1420919308627-0.7409204342402518/package
199 silly lockFile 14a732c2-08627-0-7409204342402518-package tar:///var/folders/q2/pcflv5xd4z35_whwqtb9n6pc0000gp/T/npm-4182-ezop4k2x/1420919308627-0.7409204342402518/package
200 silly lockFile 1b1f88c7-dev-npm-bower-1-3-12-package-tgz tar:///Users/dev/.npm/bower/1.3.12/package.tgz
201 silly lockFile 1b1f88c7-dev-npm-bower-1-3-12-package-tgz tar:///Users/dev/.npm/bower/1.3.12/package.tgz
202 silly lockFile bbee7022-ers-dev-npm-bower-1-3-12-package /Users/dev/.npm/bower/1.3.12/package
203 verbose lock /Users/dev/.npm/bower/1.3.12/package /Users/dev/.npm/bbee7022-ers-dev-npm-bower-1-3-12-package.lock
204 silly lockFile bbee7022-ers-dev-npm-bower-1-3-12-package /Users/dev/.npm/bower/1.3.12/package
205 silly lockFile bbee7022-ers-dev-npm-bower-1-3-12-package /Users/dev/.npm/bower/1.3.12/package
206 verbose tar unpack /Users/dev/.npm/bower/1.3.12/package.tgz
207 silly lockFile d7359154-ers-dev-npm-bower-1-3-12-package tar:///Users/dev/.npm/bower/1.3.12/package
208 verbose lock tar:///Users/dev/.npm/bower/1.3.12/package /Users/dev/.npm/d7359154-ers-dev-npm-bower-1-3-12-package.lock
209 silly lockFile 1b1f88c7-dev-npm-bower-1-3-12-package-tgz tar:///Users/dev/.npm/bower/1.3.12/package.tgz
210 verbose lock tar:///Users/dev/.npm/bower/1.3.12/package.tgz /Users/dev/.npm/1b1f88c7-dev-npm-bower-1-3-12-package-tgz.lock
211 silly gunzTarPerm modes [ '755', '644' ]
212 silly gunzTarPerm extractEntry package.json
213 silly gunzTarPerm extractEntry .npmignore
214 silly gunzTarPerm extractEntry README.md
215 silly gunzTarPerm extractEntry LICENSE
216 silly gunzTarPerm extractEntry Gruntfile.js
217 silly gunzTarPerm extractEntry HOOKS.md
218 silly gunzTarPerm extractEntry .editorconfig
219 silly gunzTarPerm extractEntry .jshintrc
220 silly gunzTarPerm extractEntry .travis.yml
221 silly gunzTarPerm extractEntry CHANGELOG.md
222 silly gunzTarPerm extractEntry bin/bower
223 silly gunzTarPerm extractEntry lib/config.js
224 silly gunzTarPerm extractEntry lib/index.js
225 silly gunzTarPerm extractEntry lib/commands/version.js
226 silly gunzTarPerm extractEntry lib/commands/info.js
227 silly gunzTarPerm extractEntry lib/commands/init.js
228 silly gunzTarPerm extractEntry lib/commands/install.js
229 silly gunzTarPerm extractEntry lib/commands/index.js
230 silly gunzTarPerm extractEntry lib/commands/list.js
231 silly gunzTarPerm extractEntry lib/commands/lookup.js
232 silly gunzTarPerm extractEntry lib/commands/prune.js
233 silly gunzTarPerm extractEntry lib/commands/register.js
234 silly gunzTarPerm extractEntry lib/commands/search.js
235 silly gunzTarPerm extractEntry lib/commands/home.js
236 silly gunzTarPerm extractEntry lib/commands/uninstall.js
237 silly gunzTarPerm extractEntry lib/commands/help.js
238 silly gunzTarPerm extractEntry lib/commands/update.js
239 silly gunzTarPerm extractEntry lib/commands/completion.js
240 silly gunzTarPerm extractEntry lib/commands/link.js
241 silly gunzTarPerm extractEntry lib/commands/cache/clean.js
242 silly gunzTarPerm extractEntry lib/commands/cache/list.js
243 silly gunzTarPerm extractEntry lib/core/Manager.js
244 silly gunzTarPerm extractEntry lib/core/PackageRepository.js
245 silly gunzTarPerm extractEntry lib/core/Project.js
246 silly gunzTarPerm extractEntry lib/core/ResolveCache.js
247 silly gunzTarPerm extractEntry lib/core/resolverFactory.js
248 silly gunzTarPerm extractEntry lib/core/scripts.js
249 silly gunzTarPerm extractEntry lib/core/resolvers/FsResolver.js
250 silly gunzTarPerm extractEntry lib/core/resolvers/GitFsResolver.js
251 silly gunzTarPerm extractEntry lib/core/resolvers/GitHubResolver.js
252 silly gunzTarPerm extractEntry lib/core/resolvers/GitRemoteResolver.js
253 silly gunzTarPerm extractEntry lib/core/resolvers/GitResolver.js
254 silly gunzTarPerm extractEntry lib/core/resolvers/Resolver.js
255 silly gunzTarPerm extractEntry lib/core/resolvers/SvnResolver.js
256 silly gunzTarPerm extractEntry lib/core/resolvers/UrlResolver.js
257 silly gunzTarPerm extractEntry lib/core/resolvers/index.js
258 silly gunzTarPerm extractEntry lib/renderers/JsonRenderer.js
259 silly gunzTarPerm extractEntry lib/renderers/StandardRenderer.js
260 silly gunzTarPerm extractEntry lib/renderers/index.js
261 silly gunzTarPerm extractEntry lib/util/analytics.js
262 silly gunzTarPerm extractEntry lib/util/createError.js
263 silly gunzTarPerm extractEntry lib/util/createLink.js
264 silly gunzTarPerm extractEntry lib/util/download.js
265 silly gunzTarPerm extractEntry lib/util/copy.js
266 silly gunzTarPerm extractEntry lib/util/md5.js
267 silly gunzTarPerm extractEntry lib/util/readJson.js
268 silly gunzTarPerm extractEntry lib/util/removeIgnores.js
269 silly gunzTarPerm extractEntry lib/util/rootCheck.js
270 silly gunzTarPerm extractEntry lib/util/semver.js
271 silly gunzTarPerm extractEntry lib/util/cmd.js
272 silly gunzTarPerm extractEntry lib/util/template.js
273 silly gunzTarPerm extractEntry lib/util/cli.js
274 silly gunzTarPerm extractEntry lib/util/validLink.js
275 silly gunzTarPerm extractEntry lib/util/extract.js
276 silly gunzTarPerm extractEntry CONTRIBUTING.md
277 silly gunzTarPerm extractEntry templates/helpers/colors.js
278 silly gunzTarPerm extractEntry templates/helpers/condense.js
279 silly gunzTarPerm extractEntry templates/helpers/indent.js
280 silly gunzTarPerm extractEntry templates/helpers/index.js
281 silly gunzTarPerm extractEntry templates/helpers/rpad.js
282 silly gunzTarPerm extractEntry templates/helpers/sum.js
283 silly gunzTarPerm extractEntry templates/json/help-lookup.json
284 silly gunzTarPerm extractEntry templates/json/help-cache/clean.json
285 silly gunzTarPerm extractEntry templates/json/help-cache/list.json
286 silly gunzTarPerm extractEntry templates/json/help-home.json
287 silly gunzTarPerm extractEntry templates/json/help-info.json
288 silly gunzTarPerm extractEntry templates/json/help-init.json
289 silly gunzTarPerm extractEntry templates/json/help-install.json
290 silly gunzTarPerm extractEntry templates/json/help-link.json
291 silly gunzTarPerm extractEntry templates/json/help-list.json
292 silly gunzTarPerm extractEntry templates/json/help-cache.json
293 silly gunzTarPerm extractEntry templates/json/help-prune.json
294 silly gunzTarPerm extractEntry templates/json/help-register.json
295 silly gunzTarPerm extractEntry templates/json/help-search.json
296 silly gunzTarPerm extractEntry templates/json/help-uninstall.json
297 silly gunzTarPerm extractEntry templates/json/help-update.json
298 silly gunzTarPerm extractEntry templates/json/help-version.json
299 silly gunzTarPerm extractEntry templates/json/help.json
300 silly gunzTarPerm extractEntry templates/std/conflict-resolved.std
301 silly gunzTarPerm extractEntry templates/std/conflict.std
302 silly gunzTarPerm extractEntry templates/std/help-cache.std
303 silly gunzTarPerm extractEntry templates/std/help-generic.std
304 silly gunzTarPerm extractEntry templates/std/help.std
305 silly gunzTarPerm extractEntry templates/std/info.std
306 silly gunzTarPerm extractEntry templates/std/lookup.std
307 silly gunzTarPerm extractEntry templates/std/register.std
308 silly gunzTarPerm extractEntry templates/std/search-results.std
309 silly gunzTarPerm extractEntry test/helpers.js
310 silly gunzTarPerm extractEntry test/packages-svn.js
311 silly gunzTarPerm extractEntry test/packages.js
312 silly gunzTarPerm extractEntry test/test.js
313 silly gunzTarPerm extractEntry test/assets/package-tar.tar.gz
314 silly gunzTarPerm extractEntry test/assets/package-zip-folder-single-file.zip
315 silly gunzTarPerm extractEntry test/assets/package-zip-folder.zip
316 silly gunzTarPerm extractEntry test/assets/package-zip-single-bower-json.zip
317 silly gunzTarPerm extractEntry test/assets/package-zip-single-component-json.zip
318 silly gunzTarPerm extractEntry test/assets/package-zip-single-file.zip
319 silly gunzTarPerm extractEntry test/assets/package-zip.zip
320 silly gunzTarPerm extractEntry test/assets/resolve-cache/list-json-1.json
321 silly gunzTarPerm extractEntry test/assets/test-temp-dir/test-exception.js
322 silly gunzTarPerm extractEntry test/assets/test-temp-dir/test.js
323 silly gunzTarPerm extractEntry test/commands/index.js
324 silly gunzTarPerm extractEntry test/commands/init.js
325 silly gunzTarPerm extractEntry test/commands/install.js
326 silly gunzTarPerm extractEntry test/commands/uninstall.js
327 silly gunzTarPerm extractEntry test/commands/update.js
328 silly gunzTarPerm extractEntry test/core/Manager.js
329 silly gunzTarPerm extractEntry test/core/packageRepository.js
330 silly gunzTarPerm extractEntry test/core/resolveCache.js
331 silly gunzTarPerm extractEntry test/core/resolverFactory.js
332 silly gunzTarPerm extractEntry test/core/scripts.js
333 silly gunzTarPerm extractEntry test/core/resolvers/fsResolver.js
334 silly gunzTarPerm extractEntry test/core/resolvers/gitFsResolver.js
335 silly gunzTarPerm extractEntry test/core/resolvers/gitHubResolver.js
336 silly gunzTarPerm extractEntry test/core/resolvers/gitRemoteResolver.js
337 silly gunzTarPerm extractEntry test/core/resolvers/gitResolver.js
338 silly gunzTarPerm extractEntry test/core/resolvers/resolver.js
339 silly gunzTarPerm extractEntry test/core/resolvers/svnResolver.js
340 silly gunzTarPerm extractEntry test/core/resolvers/urlResolver.js
341 silly gunzTarPerm extractEntry test/packages-svn.json
342 silly gunzTarPerm extractEntry test/packages.json
343 silly gunzTarPerm extractEntry test/util/analytics.js
344 silly gunzTarPerm extractEntry test/util/index.js
345 silly gunzTarPerm extractEntry test/util/removeIgnores.js
346 silly lockFile d7359154-ers-dev-npm-bower-1-3-12-package tar:///Users/dev/.npm/bower/1.3.12/package
347 silly lockFile d7359154-ers-dev-npm-bower-1-3-12-package tar:///Users/dev/.npm/bower/1.3.12/package
348 silly lockFile 1b1f88c7-dev-npm-bower-1-3-12-package-tgz tar:///Users/dev/.npm/bower/1.3.12/package.tgz
349 silly lockFile 1b1f88c7-dev-npm-bower-1-3-12-package-tgz tar:///Users/dev/.npm/bower/1.3.12/package.tgz
350 verbose chmod /Users/dev/.npm/bower/1.3.12/package.tgz 644
351 verbose chown /Users/dev/.npm/bower/1.3.12/package.tgz [ 502, 20 ]
352 silly lockFile b05fd70b-npmjs-org-bower-bower-1-3-12-tgz https://registry.npmjs.org/bower/-/bower-1.3.12.tgz
353 silly lockFile b05fd70b-npmjs-org-bower-bower-1-3-12-tgz https://registry.npmjs.org/bower/-/bower-1.3.12.tgz
354 silly lockFile 9819431c-bower-1-3-12 bower@1.3.12
355 silly lockFile 9819431c-bower-1-3-12 bower@1.3.12
356 silly lockFile b788227f-bower bower@*
357 silly lockFile b788227f-bower bower@*
358 info trying registry request attempt 2 at 14:48:37
359 http GET https://registry.npmjs.org/bower/latest
360 http 200 https://registry.npmjs.org/bower/latest
361 silly registry.get cb [ 200,
361 silly registry.get   { date: 'Sat, 10 Jan 2015 19:48:37 GMT',
361 silly registry.get     server: 'CouchDB/1.5.0 (Erlang OTP/R16B03)',
361 silly registry.get     etag: '"BYI7C4JVWRZHCVTSQWF7ALTUS"',
361 silly registry.get     'content-type': 'application/json',
361 silly registry.get     'cache-control': 'max-age=60',
361 silly registry.get     'content-length': '2333',
361 silly registry.get     'accept-ranges': 'bytes',
361 silly registry.get     via: '1.1 varnish',
361 silly registry.get     age: '10',
361 silly registry.get     'x-served-by': 'cache-iad2127-IAD',
361 silly registry.get     'x-cache': 'HIT',
361 silly registry.get     'x-cache-hits': '1',
361 silly registry.get     'x-timer': 'S1420919317.672161,VS0,VE0',
361 silly registry.get     vary: 'Accept',
361 silly registry.get     'keep-alive': 'timeout=10, max=50',
361 silly registry.get     connection: 'Keep-Alive' } ]
362 verbose cache add [ 'bower', '~0.3.0' ]
363 verbose cache add name="bower" spec="~0.3.0" args=["bower","~0.3.0"]
364 verbose parsed url { protocol: null,
364 verbose parsed url   slashes: null,
364 verbose parsed url   auth: null,
364 verbose parsed url   host: null,
364 verbose parsed url   port: null,
364 verbose parsed url   hostname: null,
364 verbose parsed url   hash: null,
364 verbose parsed url   search: null,
364 verbose parsed url   query: null,
364 verbose parsed url   pathname: '~0.3.0',
364 verbose parsed url   path: '~0.3.0',
364 verbose parsed url   href: '~0.3.0' }
365 verbose addNamed [ 'bower', '~0.3.0' ]
366 verbose addNamed [ null, '>=0.3.0-0 <0.4.0-0' ]
367 silly lockFile 3741dbef-bower-0-3-0 bower@~0.3.0
368 verbose lock bower@~0.3.0 /Users/dev/.npm/3741dbef-bower-0-3-0.lock
369 silly addNameRange { name: 'bower', range: '>=0.3.0-0 <0.4.0-0', hasData: false }
370 verbose registry.get bower not expired, no request
371 silly addNameRange number 2 { name: 'bower', range: '>=0.3.0-0 <0.4.0-0', hasData: true }
372 silly addNameRange versions [ 'bower',
372 silly addNameRange   [ '0.1.0',
372 silly addNameRange     '0.1.2',
372 silly addNameRange     '0.1.3',
372 silly addNameRange     '0.2.0',
372 silly addNameRange     '0.3.0',
372 silly addNameRange     '0.3.1',
372 silly addNameRange     '0.3.2',
372 silly addNameRange     '0.4.0',
372 silly addNameRange     '0.5.0',
372 silly addNameRange     '0.5.1',
372 silly addNameRange     '0.6.0',
372 silly addNameRange     '0.6.1',
372 silly addNameRange     '0.6.2',
372 silly addNameRange     '0.6.3',
372 silly addNameRange     '0.6.4',
372 silly addNameRange     '0.6.5',
372 silly addNameRange     '0.6.6',
372 silly addNameRange     '0.6.7',
372 silly addNameRange     '0.6.8',
372 silly addNameRange     '0.7.0',
372 silly addNameRange     '0.7.1',
372 silly addNameRange     '0.8.0',
372 silly addNameRange     '0.8.1',
372 silly addNameRange     '0.8.2',
372 silly addNameRange     '0.8.3',
372 silly addNameRange     '0.8.4',
372 silly addNameRange     '0.8.5',
372 silly addNameRange     '0.8.6',
372 silly addNameRange     '0.9.0',
372 silly addNameRange     '0.9.1',
372 silly addNameRange     '0.9.2',
372 silly addNameRange     '0.10.0',
372 silly addNameRange     '1.0.0',
372 silly addNameRange     '1.0.1',
372 silly addNameRange     '1.0.2',
372 silly addNameRange     '1.0.3',
372 silly addNameRange     '1.1.0',
372 silly addNameRange     '1.1.1',
372 silly addNameRange     '1.1.2',
372 silly addNameRange     '1.2.0',
372 silly addNameRange     '1.2.1',
372 silly addNameRange     '1.2.2',
372 silly addNameRange     '1.2.3',
372 silly addNameRange     '1.2.4',
372 silly addNameRange     '1.2.5',
372 silly addNameRange     '1.2.6',
372 silly addNameRange     '1.2.7',
372 silly addNameRange     '1.2.8',
372 silly addNameRange     '1.3.0',
372 silly addNameRange     '1.3.1',
372 silly addNameRange     '1.3.2',
372 silly addNameRange     '1.3.3',
372 silly addNameRange     '1.3.4',
372 silly addNameRange     '1.3.5',
372 silly addNameRange     '1.3.6',
372 silly addNameRange     '1.3.7',
372 silly addNameRange     '1.3.8',
372 silly addNameRange     '1.3.9',
372 silly addNameRange     '1.3.10',
372 silly addNameRange     '1.3.11',
372 silly addNameRange     '1.3.12' ] ]
373 verbose addNamed [ 'bower', '0.3.2' ]
374 verbose addNamed [ '0.3.2', '0.3.2' ]
375 silly lockFile dc6374eb-bower-0-3-2 bower@0.3.2
376 verbose lock bower@0.3.2 /Users/dev/.npm/dc6374eb-bower-0-3-2.lock
377 silly lockFile 8735d580--npmjs-org-bower-bower-0-3-2-tgz https://registry.npmjs.org/bower/-/bower-0.3.2.tgz
378 verbose lock https://registry.npmjs.org/bower/-/bower-0.3.2.tgz /Users/dev/.npm/8735d580--npmjs-org-bower-bower-0-3-2-tgz.lock
379 verbose addRemoteTarball [ 'https://registry.npmjs.org/bower/-/bower-0.3.2.tgz',
379 verbose addRemoteTarball   '8553116cc03b3bf14e925125eee9b2bf355b67d5' ]
380 info retry fetch attempt 1 at 14:48:37
381 verbose fetch to= /var/folders/q2/pcflv5xd4z35_whwqtb9n6pc0000gp/T/npm-4182-ezop4k2x/1420919317711-0.658170924987644/tmp.tgz
382 http GET https://registry.npmjs.org/bower/-/bower-0.3.2.tgz
383 http 200 https://registry.npmjs.org/bower/-/bower-0.3.2.tgz
384 verbose tar unpack /var/folders/q2/pcflv5xd4z35_whwqtb9n6pc0000gp/T/npm-4182-ezop4k2x/1420919317711-0.658170924987644/tmp.tgz
385 silly lockFile 31adb067-317711-0-658170924987644-package tar:///var/folders/q2/pcflv5xd4z35_whwqtb9n6pc0000gp/T/npm-4182-ezop4k2x/1420919317711-0.658170924987644/package
386 verbose lock tar:///var/folders/q2/pcflv5xd4z35_whwqtb9n6pc0000gp/T/npm-4182-ezop4k2x/1420919317711-0.658170924987644/package /Users/dev/.npm/31adb067-317711-0-658170924987644-package.lock
387 silly lockFile 7a7b69d3-317711-0-658170924987644-tmp-tgz tar:///var/folders/q2/pcflv5xd4z35_whwqtb9n6pc0000gp/T/npm-4182-ezop4k2x/1420919317711-0.658170924987644/tmp.tgz
388 verbose lock tar:///var/folders/q2/pcflv5xd4z35_whwqtb9n6pc0000gp/T/npm-4182-ezop4k2x/1420919317711-0.658170924987644/tmp.tgz /Users/dev/.npm/7a7b69d3-317711-0-658170924987644-tmp-tgz.lock
389 silly gunzTarPerm modes [ '755', '644' ]
390 silly gunzTarPerm extractEntry package.json
391 silly gunzTarPerm extractEntry .npmignore
392 silly gunzTarPerm extractEntry README.md
393 silly gunzTarPerm extractEntry LICENSE
394 silly gunzTarPerm extractEntry .travis.yml
395 silly gunzTarPerm extractEntry bin/bower
396 silly gunzTarPerm extractEntry lib/index.js
397 silly gunzTarPerm extractEntry lib/commands/cache-clean.js
398 silly gunzTarPerm extractEntry lib/commands/index.js
399 silly gunzTarPerm extractEntry lib/commands/info.js
400 silly gunzTarPerm extractEntry lib/commands/install.js
401 silly gunzTarPerm extractEntry lib/commands/help.js
402 silly gunzTarPerm extractEntry lib/commands/lookup.js
403 silly gunzTarPerm extractEntry lib/commands/register.js
404 silly gunzTarPerm extractEntry lib/commands/search.js
405 silly gunzTarPerm extractEntry lib/commands/uninstall.js
406 silly gunzTarPerm extractEntry lib/commands/update.js
407 silly gunzTarPerm extractEntry lib/commands/list.js
408 silly gunzTarPerm extractEntry lib/core/config.js
409 silly gunzTarPerm extractEntry lib/core/manager.js
410 silly gunzTarPerm extractEntry lib/core/package.js
411 silly gunzTarPerm extractEntry lib/core/source.js
412 silly gunzTarPerm extractEntry lib/core/unit_work.js
413 silly gunzTarPerm extractEntry lib/util/file-exists.js
414 silly gunzTarPerm extractEntry lib/util/hogan-colors.js
415 silly gunzTarPerm extractEntry lib/util/prune.js
416 silly gunzTarPerm extractEntry lib/util/read-json.js
417 silly gunzTarPerm extractEntry lib/util/save.js
418 silly gunzTarPerm extractEntry lib/util/template.js
419 silly gunzTarPerm extractEntry Makefile
420 silly gunzTarPerm extractEntry templates/help-update.mustache
421 silly gunzTarPerm extractEntry templates/action.mustache
422 silly gunzTarPerm extractEntry templates/error.mustache
423 silly gunzTarPerm extractEntry templates/help-cache-clean.mustache
424 silly gunzTarPerm extractEntry templates/help-info.mustache
425 silly gunzTarPerm extractEntry templates/help-install.mustache
426 silly gunzTarPerm extractEntry templates/help-list.mustache
427 silly gunzTarPerm extractEntry templates/help-lookup.mustache
428 silly gunzTarPerm extractEntry templates/help-register.mustache
429 silly gunzTarPerm extractEntry templates/help-search.mustache
430 silly gunzTarPerm extractEntry templates/help-uninstall.mustache
431 silly gunzTarPerm extractEntry templates/complete.mustache
432 silly gunzTarPerm extractEntry templates/help.mustache
433 silly gunzTarPerm extractEntry templates/info.mustache
434 silly gunzTarPerm extractEntry templates/lookup.mustache
435 silly gunzTarPerm extractEntry templates/register.mustache
436 silly gunzTarPerm extractEntry templates/search-empty.mustache
437 silly gunzTarPerm extractEntry templates/search.mustache
438 silly gunzTarPerm extractEntry templates/suggestions.mustache
439 silly gunzTarPerm extractEntry templates/tree-branch.mustache
440 silly gunzTarPerm extractEntry templates/warn.mustache
441 silly gunzTarPerm extractEntry templates/warning-missing.mustache
442 silly gunzTarPerm extractEntry templates/warning-uninstall.mustache
443 silly gunzTarPerm extractEntry test/cache-clean.js
444 silly gunzTarPerm extractEntry test/help.js
445 silly gunzTarPerm extractEntry test/info.js
446 silly gunzTarPerm extractEntry test/manager.js
447 silly gunzTarPerm extractEntry test/package.js
448 silly gunzTarPerm extractEntry test/assets/package-no-json/index.js
449 silly gunzTarPerm extractEntry test/assets/package-bootstrap/index.js
450 silly gunzTarPerm extractEntry test/assets/package-bootstrap/component.json
451 silly gunzTarPerm extractEntry test/assets/package-invalid-json/index.js
452 silly gunzTarPerm extractEntry test/assets/package-invalid-json/component.json
453 silly gunzTarPerm extractEntry test/assets/package-jquery/foo.js
454 silly gunzTarPerm extractEntry test/assets/package-jquery/index.js
455 silly gunzTarPerm extractEntry test/assets/package-jquery/component.json
456 silly gunzTarPerm extractEntry test/assets/package-jquery-copy/index.js
457 silly gunzTarPerm extractEntry test/assets/package-jquery-copy/component.json
458 silly gunzTarPerm extractEntry test/assets/package-deps-on-jquery/component.json
459 silly gunzTarPerm extractEntry test/assets/project/.npmignore
460 silly gunzTarPerm extractEntry test/assets/project/component.json
461 silly gunzTarPerm extractEntry test/assets/project-nested/component.json
462 silly gunzTarPerm extractEntry test/assets/project-nested-conflict/component.json
463 silly gunzTarPerm extractEntry test/assets/project-static/component.json
464 silly gunzTarPerm extractEntry test/assets/sprockets/.npmignore
465 silly gunzTarPerm extractEntry test/assets/sprockets/assets/application.js
466 silly gunzTarPerm extractEntry test/assets/sprockets/component.json
467 silly gunzTarPerm extractEntry test/assets/sprockets/Rakefile
468 silly lockFile 31adb067-317711-0-658170924987644-package tar:///var/folders/q2/pcflv5xd4z35_whwqtb9n6pc0000gp/T/npm-4182-ezop4k2x/1420919317711-0.658170924987644/package
469 silly lockFile 31adb067-317711-0-658170924987644-package tar:///var/folders/q2/pcflv5xd4z35_whwqtb9n6pc0000gp/T/npm-4182-ezop4k2x/1420919317711-0.658170924987644/package
470 silly lockFile 7a7b69d3-317711-0-658170924987644-tmp-tgz tar:///var/folders/q2/pcflv5xd4z35_whwqtb9n6pc0000gp/T/npm-4182-ezop4k2x/1420919317711-0.658170924987644/tmp.tgz
471 silly lockFile 7a7b69d3-317711-0-658170924987644-tmp-tgz tar:///var/folders/q2/pcflv5xd4z35_whwqtb9n6pc0000gp/T/npm-4182-ezop4k2x/1420919317711-0.658170924987644/tmp.tgz
472 verbose tar pack [ '/Users/dev/.npm/bower/0.3.2/package.tgz',
472 verbose tar pack   '/var/folders/q2/pcflv5xd4z35_whwqtb9n6pc0000gp/T/npm-4182-ezop4k2x/1420919317711-0.658170924987644/package' ]
473 verbose tarball /Users/dev/.npm/bower/0.3.2/package.tgz
474 verbose folder /var/folders/q2/pcflv5xd4z35_whwqtb9n6pc0000gp/T/npm-4182-ezop4k2x/1420919317711-0.658170924987644/package
475 silly lockFile 31adb067-317711-0-658170924987644-package tar:///var/folders/q2/pcflv5xd4z35_whwqtb9n6pc0000gp/T/npm-4182-ezop4k2x/1420919317711-0.658170924987644/package
476 verbose lock tar:///var/folders/q2/pcflv5xd4z35_whwqtb9n6pc0000gp/T/npm-4182-ezop4k2x/1420919317711-0.658170924987644/package /Users/dev/.npm/31adb067-317711-0-658170924987644-package.lock
477 silly lockFile ab559b52--dev-npm-bower-0-3-2-package-tgz tar:///Users/dev/.npm/bower/0.3.2/package.tgz
478 verbose lock tar:///Users/dev/.npm/bower/0.3.2/package.tgz /Users/dev/.npm/ab559b52--dev-npm-bower-0-3-2-package-tgz.lock
479 silly lockFile 31adb067-317711-0-658170924987644-package tar:///var/folders/q2/pcflv5xd4z35_whwqtb9n6pc0000gp/T/npm-4182-ezop4k2x/1420919317711-0.658170924987644/package
480 silly lockFile 31adb067-317711-0-658170924987644-package tar:///var/folders/q2/pcflv5xd4z35_whwqtb9n6pc0000gp/T/npm-4182-ezop4k2x/1420919317711-0.658170924987644/package
481 silly lockFile ab559b52--dev-npm-bower-0-3-2-package-tgz tar:///Users/dev/.npm/bower/0.3.2/package.tgz
482 silly lockFile ab559b52--dev-npm-bower-0-3-2-package-tgz tar:///Users/dev/.npm/bower/0.3.2/package.tgz
483 silly lockFile 53df6e45-sers-dev-npm-bower-0-3-2-package /Users/dev/.npm/bower/0.3.2/package
484 verbose lock /Users/dev/.npm/bower/0.3.2/package /Users/dev/.npm/53df6e45-sers-dev-npm-bower-0-3-2-package.lock
485 silly lockFile 53df6e45-sers-dev-npm-bower-0-3-2-package /Users/dev/.npm/bower/0.3.2/package
486 silly lockFile 53df6e45-sers-dev-npm-bower-0-3-2-package /Users/dev/.npm/bower/0.3.2/package
487 verbose tar unpack /Users/dev/.npm/bower/0.3.2/package.tgz
488 silly lockFile af1c721b-sers-dev-npm-bower-0-3-2-package tar:///Users/dev/.npm/bower/0.3.2/package
489 verbose lock tar:///Users/dev/.npm/bower/0.3.2/package /Users/dev/.npm/af1c721b-sers-dev-npm-bower-0-3-2-package.lock
490 silly lockFile ab559b52--dev-npm-bower-0-3-2-package-tgz tar:///Users/dev/.npm/bower/0.3.2/package.tgz
491 verbose lock tar:///Users/dev/.npm/bower/0.3.2/package.tgz /Users/dev/.npm/ab559b52--dev-npm-bower-0-3-2-package-tgz.lock
492 silly gunzTarPerm modes [ '755', '644' ]
493 silly gunzTarPerm extractEntry package.json
494 silly gunzTarPerm extractEntry .npmignore
495 silly gunzTarPerm extractEntry README.md
496 silly gunzTarPerm extractEntry LICENSE
497 silly gunzTarPerm extractEntry .travis.yml
498 silly gunzTarPerm extractEntry Makefile
499 silly gunzTarPerm extractEntry bin/bower
500 silly gunzTarPerm extractEntry lib/index.js
501 silly gunzTarPerm extractEntry lib/commands/cache-clean.js
502 silly gunzTarPerm extractEntry lib/commands/index.js
503 silly gunzTarPerm extractEntry lib/commands/info.js
504 silly gunzTarPerm extractEntry lib/commands/install.js
505 silly gunzTarPerm extractEntry lib/commands/help.js
506 silly gunzTarPerm extractEntry lib/commands/lookup.js
507 silly gunzTarPerm extractEntry lib/commands/register.js
508 silly gunzTarPerm extractEntry lib/commands/search.js
509 silly gunzTarPerm extractEntry lib/commands/uninstall.js
510 silly gunzTarPerm extractEntry lib/commands/update.js
511 silly gunzTarPerm extractEntry lib/commands/list.js
512 silly gunzTarPerm extractEntry lib/core/config.js
513 silly gunzTarPerm extractEntry lib/core/manager.js
514 silly gunzTarPerm extractEntry lib/core/package.js
515 silly gunzTarPerm extractEntry lib/core/source.js
516 silly gunzTarPerm extractEntry lib/core/unit_work.js
517 silly gunzTarPerm extractEntry lib/util/file-exists.js
518 silly gunzTarPerm extractEntry lib/util/hogan-colors.js
519 silly gunzTarPerm extractEntry lib/util/prune.js
520 silly gunzTarPerm extractEntry lib/util/read-json.js
521 silly gunzTarPerm extractEntry lib/util/save.js
522 silly gunzTarPerm extractEntry lib/util/template.js
523 silly gunzTarPerm extractEntry templates/help-update.mustache
524 silly gunzTarPerm extractEntry templates/action.mustache
525 silly gunzTarPerm extractEntry templates/error.mustache
526 silly gunzTarPerm extractEntry templates/help-cache-clean.mustache
527 silly gunzTarPerm extractEntry templates/help-info.mustache
528 silly gunzTarPerm extractEntry templates/help-install.mustache
529 silly gunzTarPerm extractEntry templates/help-list.mustache
530 silly gunzTarPerm extractEntry templates/help-lookup.mustache
531 silly gunzTarPerm extractEntry templates/help-register.mustache
532 silly gunzTarPerm extractEntry templates/help-search.mustache
533 silly gunzTarPerm extractEntry templates/help-uninstall.mustache
534 silly gunzTarPerm extractEntry templates/complete.mustache
535 silly gunzTarPerm extractEntry templates/help.mustache
536 silly gunzTarPerm extractEntry templates/info.mustache
537 silly gunzTarPerm extractEntry templates/lookup.mustache
538 silly gunzTarPerm extractEntry templates/register.mustache
539 silly gunzTarPerm extractEntry templates/search-empty.mustache
540 silly gunzTarPerm extractEntry templates/search.mustache
541 silly gunzTarPerm extractEntry templates/suggestions.mustache
542 silly gunzTarPerm extractEntry templates/tree-branch.mustache
543 silly gunzTarPerm extractEntry templates/warn.mustache
544 silly gunzTarPerm extractEntry templates/warning-missing.mustache
545 silly gunzTarPerm extractEntry templates/warning-uninstall.mustache
546 silly gunzTarPerm extractEntry test/cache-clean.js
547 silly gunzTarPerm extractEntry test/help.js
548 silly gunzTarPerm extractEntry test/info.js
549 silly gunzTarPerm extractEntry test/manager.js
550 silly gunzTarPerm extractEntry test/package.js
551 silly gunzTarPerm extractEntry test/assets/package-no-json/index.js
552 silly gunzTarPerm extractEntry test/assets/package-bootstrap/index.js
553 silly gunzTarPerm extractEntry test/assets/package-bootstrap/component.json
554 silly gunzTarPerm extractEntry test/assets/package-invalid-json/index.js
555 silly gunzTarPerm extractEntry test/assets/package-invalid-json/component.json
556 silly gunzTarPerm extractEntry test/assets/package-jquery/foo.js
557 silly gunzTarPerm extractEntry test/assets/package-jquery/index.js
558 silly gunzTarPerm extractEntry test/assets/package-jquery/component.json
559 silly gunzTarPerm extractEntry test/assets/package-jquery-copy/index.js
560 silly gunzTarPerm extractEntry test/assets/package-jquery-copy/component.json
561 silly gunzTarPerm extractEntry test/assets/package-deps-on-jquery/component.json
562 silly gunzTarPerm extractEntry test/assets/project/.npmignore
563 silly gunzTarPerm extractEntry test/assets/project/component.json
564 silly gunzTarPerm extractEntry test/assets/project-nested/component.json
565 silly gunzTarPerm extractEntry test/assets/project-nested-conflict/component.json
566 silly gunzTarPerm extractEntry test/assets/project-static/component.json
567 silly gunzTarPerm extractEntry test/assets/sprockets/.npmignore
568 silly gunzTarPerm extractEntry test/assets/sprockets/Rakefile
569 silly gunzTarPerm extractEntry test/assets/sprockets/assets/application.js
570 silly gunzTarPerm extractEntry test/assets/sprockets/component.json
571 silly lockFile af1c721b-sers-dev-npm-bower-0-3-2-package tar:///Users/dev/.npm/bower/0.3.2/package
572 silly lockFile af1c721b-sers-dev-npm-bower-0-3-2-package tar:///Users/dev/.npm/bower/0.3.2/package
573 silly lockFile ab559b52--dev-npm-bower-0-3-2-package-tgz tar:///Users/dev/.npm/bower/0.3.2/package.tgz
574 silly lockFile ab559b52--dev-npm-bower-0-3-2-package-tgz tar:///Users/dev/.npm/bower/0.3.2/package.tgz
575 verbose chmod /Users/dev/.npm/bower/0.3.2/package.tgz 644
576 verbose chown /Users/dev/.npm/bower/0.3.2/package.tgz [ 502, 20 ]
577 silly lockFile 8735d580--npmjs-org-bower-bower-0-3-2-tgz https://registry.npmjs.org/bower/-/bower-0.3.2.tgz
578 silly lockFile 8735d580--npmjs-org-bower-bower-0-3-2-tgz https://registry.npmjs.org/bower/-/bower-0.3.2.tgz
579 silly lockFile dc6374eb-bower-0-3-2 bower@0.3.2
580 silly lockFile dc6374eb-bower-0-3-2 bower@0.3.2
581 silly lockFile 3741dbef-bower-0-3-0 bower@~0.3.0
582 silly lockFile 3741dbef-bower-0-3-0 bower@~0.3.0
583 info outdated updating [ [ '/usr/local/lib', 'bower', '1.2.8', '1.3.12', '1.3.12', '*' ],
583 info outdated   [ '/usr/local/lib/node_modules/yeoman',
583 info outdated     'bower',
583 info outdated     '0.3.2',
583 info outdated     '0.3.2',
583 info outdated     '1.3.12',
583 info outdated     '~0.3.0' ] ]
584 verbose install where,what [ '/usr/local/lib', [ 'bower@1.3.12' ] ]
585 verbose install where,what [ '/usr/local/lib/node_modules/yeoman', [ 'bower@0.3.2' ] ]
586 verbose cache add [ 'bower@1.3.12', null ]
587 verbose cache add name=undefined spec="bower@1.3.12" args=["bower@1.3.12",null]
588 verbose parsed url { protocol: null,
588 verbose parsed url   slashes: null,
588 verbose parsed url   auth: null,
588 verbose parsed url   host: null,
588 verbose parsed url   port: null,
588 verbose parsed url   hostname: null,
588 verbose parsed url   hash: null,
588 verbose parsed url   search: null,
588 verbose parsed url   query: null,
588 verbose parsed url   pathname: 'bower@1.3.12',
588 verbose parsed url   path: 'bower@1.3.12',
588 verbose parsed url   href: 'bower@1.3.12' }
589 verbose cache add name="bower" spec="1.3.12" args=["bower","1.3.12"]
590 verbose parsed url { protocol: null,
590 verbose parsed url   slashes: null,
590 verbose parsed url   auth: null,
590 verbose parsed url   host: null,
590 verbose parsed url   port: null,
590 verbose parsed url   hostname: null,
590 verbose parsed url   hash: null,
590 verbose parsed url   search: null,
590 verbose parsed url   query: null,
590 verbose parsed url   pathname: '1.3.12',
590 verbose parsed url   path: '1.3.12',
590 verbose parsed url   href: '1.3.12' }
591 verbose addNamed [ 'bower', '1.3.12' ]
592 verbose addNamed [ '1.3.12', '1.3.12' ]
593 silly lockFile 9819431c-bower-1-3-12 bower@1.3.12
594 verbose lock bower@1.3.12 /Users/dev/.npm/9819431c-bower-1-3-12.lock
595 verbose readDependencies using package.json deps
596 verbose cache add [ 'bower@0.3.2', null ]
597 verbose cache add name=undefined spec="bower@0.3.2" args=["bower@0.3.2",null]
598 verbose parsed url { protocol: null,
598 verbose parsed url   slashes: null,
598 verbose parsed url   auth: null,
598 verbose parsed url   host: null,
598 verbose parsed url   port: null,
598 verbose parsed url   hostname: null,
598 verbose parsed url   hash: null,
598 verbose parsed url   search: null,
598 verbose parsed url   query: null,
598 verbose parsed url   pathname: 'bower@0.3.2',
598 verbose parsed url   path: 'bower@0.3.2',
598 verbose parsed url   href: 'bower@0.3.2' }
599 verbose cache add name="bower" spec="0.3.2" args=["bower","0.3.2"]
600 verbose parsed url { protocol: null,
600 verbose parsed url   slashes: null,
600 verbose parsed url   auth: null,
600 verbose parsed url   host: null,
600 verbose parsed url   port: null,
600 verbose parsed url   hostname: null,
600 verbose parsed url   hash: null,
600 verbose parsed url   search: null,
600 verbose parsed url   query: null,
600 verbose parsed url   pathname: '0.3.2',
600 verbose parsed url   path: '0.3.2',
600 verbose parsed url   href: '0.3.2' }
601 verbose addNamed [ 'bower', '0.3.2' ]
602 verbose addNamed [ '0.3.2', '0.3.2' ]
603 silly lockFile dc6374eb-bower-0-3-2 bower@0.3.2
604 verbose lock bower@0.3.2 /Users/dev/.npm/dc6374eb-bower-0-3-2.lock
605 verbose url raw bower/1.3.12
606 verbose url resolving [ 'https://registry.npmjs.org/', './bower/1.3.12' ]
607 verbose url resolved https://registry.npmjs.org/bower/1.3.12
608 info trying registry request attempt 1 at 14:48:38
609 http GET https://registry.npmjs.org/bower/1.3.12
610 verbose url raw bower/0.3.2
611 verbose url resolving [ 'https://registry.npmjs.org/', './bower/0.3.2' ]
612 verbose url resolved https://registry.npmjs.org/bower/0.3.2
613 info trying registry request attempt 1 at 14:48:38
614 http GET https://registry.npmjs.org/bower/0.3.2
615 http 200 https://registry.npmjs.org/bower/1.3.12
616 silly registry.get cb [ 200,
616 silly registry.get   { date: 'Sat, 10 Jan 2015 19:48:38 GMT',
616 silly registry.get     server: 'CouchDB/1.5.0 (Erlang OTP/R16B03)',
616 silly registry.get     etag: '"BYI7C4JVWRZHCVTSQWF7ALTUS"',
616 silly registry.get     'content-type': 'application/json',
616 silly registry.get     'cache-control': 'max-age=60',
616 silly registry.get     'content-length': '2333',
616 silly registry.get     'accept-ranges': 'bytes',
616 silly registry.get     via: '1.1 varnish',
616 silly registry.get     age: '0',
616 silly registry.get     'x-served-by': 'cache-iad2145-IAD',
616 silly registry.get     'x-cache': 'MISS',
616 silly registry.get     'x-cache-hits': '0',
616 silly registry.get     'x-timer': 'S1420919318.273781,VS0,VE369',
616 silly registry.get     vary: 'Accept',
616 silly registry.get     'keep-alive': 'timeout=10, max=50',
616 silly registry.get     connection: 'Keep-Alive' } ]
617 http 200 https://registry.npmjs.org/bower/0.3.2
618 silly registry.get cb [ 200,
618 silly registry.get   { date: 'Sat, 10 Jan 2015 19:48:38 GMT',
618 silly registry.get     server: 'CouchDB/1.5.0 (Erlang OTP/R16B03)',
618 silly registry.get     etag: '"BYI7C4JVWRZHCVTSQWF7ALTUS"',
618 silly registry.get     'content-type': 'application/json',
618 silly registry.get     'cache-control': 'max-age=60',
618 silly registry.get     'content-length': '984',
618 silly registry.get     'accept-ranges': 'bytes',
618 silly registry.get     via: '1.1 varnish',
618 silly registry.get     age: '0',
618 silly registry.get     'x-served-by': 'cache-iad2137-IAD',
618 silly registry.get     'x-cache': 'MISS',
618 silly registry.get     'x-cache-hits': '0',
618 silly registry.get     'x-timer': 'S1420919318.277631,VS0,VE369',
618 silly registry.get     vary: 'Accept',
618 silly registry.get     'keep-alive': 'timeout=10, max=50',
618 silly registry.get     connection: 'Keep-Alive' } ]
619 silly lockFile 8735d580--npmjs-org-bower-bower-0-3-2-tgz https://registry.npmjs.org/bower/-/bower-0.3.2.tgz
620 verbose lock https://registry.npmjs.org/bower/-/bower-0.3.2.tgz /Users/dev/.npm/8735d580--npmjs-org-bower-bower-0-3-2-tgz.lock
621 verbose addRemoteTarball [ 'https://registry.npmjs.org/bower/-/bower-0.3.2.tgz',
621 verbose addRemoteTarball   '8553116cc03b3bf14e925125eee9b2bf355b67d5' ]
622 info retry fetch attempt 1 at 14:48:38
623 verbose fetch to= /var/folders/q2/pcflv5xd4z35_whwqtb9n6pc0000gp/T/npm-4182-ezop4k2x/1420919318708-0.7680684681981802/tmp.tgz
624 http GET https://registry.npmjs.org/bower/-/bower-0.3.2.tgz
625 silly lockFile b05fd70b-npmjs-org-bower-bower-1-3-12-tgz https://registry.npmjs.org/bower/-/bower-1.3.12.tgz
626 verbose lock https://registry.npmjs.org/bower/-/bower-1.3.12.tgz /Users/dev/.npm/b05fd70b-npmjs-org-bower-bower-1-3-12-tgz.lock
627 verbose addRemoteTarball [ 'https://registry.npmjs.org/bower/-/bower-1.3.12.tgz',
627 verbose addRemoteTarball   '37de0edb3904baf90aee13384a1a379a05ee214c' ]
628 info retry fetch attempt 1 at 14:48:38
629 verbose fetch to= /var/folders/q2/pcflv5xd4z35_whwqtb9n6pc0000gp/T/npm-4182-ezop4k2x/1420919318716-0.6527629003394395/tmp.tgz
630 http GET https://registry.npmjs.org/bower/-/bower-1.3.12.tgz
631 http 200 https://registry.npmjs.org/bower/-/bower-0.3.2.tgz
632 http 200 https://registry.npmjs.org/bower/-/bower-1.3.12.tgz
633 verbose tar unpack /var/folders/q2/pcflv5xd4z35_whwqtb9n6pc0000gp/T/npm-4182-ezop4k2x/1420919318708-0.7680684681981802/tmp.tgz
634 silly lockFile 398ddaf1-18708-0-7680684681981802-package tar:///var/folders/q2/pcflv5xd4z35_whwqtb9n6pc0000gp/T/npm-4182-ezop4k2x/1420919318708-0.7680684681981802/package
635 verbose lock tar:///var/folders/q2/pcflv5xd4z35_whwqtb9n6pc0000gp/T/npm-4182-ezop4k2x/1420919318708-0.7680684681981802/package /Users/dev/.npm/398ddaf1-18708-0-7680684681981802-package.lock
636 silly lockFile 482a8838-18708-0-7680684681981802-tmp-tgz tar:///var/folders/q2/pcflv5xd4z35_whwqtb9n6pc0000gp/T/npm-4182-ezop4k2x/1420919318708-0.7680684681981802/tmp.tgz
637 verbose lock tar:///var/folders/q2/pcflv5xd4z35_whwqtb9n6pc0000gp/T/npm-4182-ezop4k2x/1420919318708-0.7680684681981802/tmp.tgz /Users/dev/.npm/482a8838-18708-0-7680684681981802-tmp-tgz.lock
638 silly gunzTarPerm modes [ '755', '644' ]
639 silly gunzTarPerm extractEntry package.json
640 silly gunzTarPerm extractEntry .npmignore
641 silly gunzTarPerm extractEntry README.md
642 silly gunzTarPerm extractEntry LICENSE
643 silly gunzTarPerm extractEntry .travis.yml
644 silly gunzTarPerm extractEntry bin/bower
645 silly gunzTarPerm extractEntry lib/index.js
646 silly gunzTarPerm extractEntry lib/commands/cache-clean.js
647 silly gunzTarPerm extractEntry lib/commands/index.js
648 silly gunzTarPerm extractEntry lib/commands/info.js
649 silly gunzTarPerm extractEntry lib/commands/install.js
650 silly gunzTarPerm extractEntry lib/commands/help.js
651 silly gunzTarPerm extractEntry lib/commands/lookup.js
652 silly gunzTarPerm extractEntry lib/commands/register.js
653 silly gunzTarPerm extractEntry lib/commands/search.js
654 silly gunzTarPerm extractEntry lib/commands/uninstall.js
655 silly gunzTarPerm extractEntry lib/commands/update.js
656 silly gunzTarPerm extractEntry lib/commands/list.js
657 silly gunzTarPerm extractEntry lib/core/config.js
658 silly gunzTarPerm extractEntry lib/core/manager.js
659 silly gunzTarPerm extractEntry lib/core/package.js
660 silly gunzTarPerm extractEntry lib/core/source.js
661 silly gunzTarPerm extractEntry lib/core/unit_work.js
662 silly gunzTarPerm extractEntry lib/util/file-exists.js
663 silly gunzTarPerm extractEntry lib/util/hogan-colors.js
664 silly gunzTarPerm extractEntry lib/util/prune.js
665 silly gunzTarPerm extractEntry lib/util/read-json.js
666 silly gunzTarPerm extractEntry lib/util/save.js
667 silly gunzTarPerm extractEntry lib/util/template.js
668 silly gunzTarPerm extractEntry Makefile
669 silly gunzTarPerm extractEntry templates/help-update.mustache
670 silly gunzTarPerm extractEntry templates/action.mustache
671 silly gunzTarPerm extractEntry templates/error.mustache
672 silly gunzTarPerm extractEntry templates/help-cache-clean.mustache
673 silly gunzTarPerm extractEntry templates/help-info.mustache
674 silly gunzTarPerm extractEntry templates/help-install.mustache
675 silly gunzTarPerm extractEntry templates/help-list.mustache
676 silly gunzTarPerm extractEntry templates/help-lookup.mustache
677 silly gunzTarPerm extractEntry templates/help-register.mustache
678 silly gunzTarPerm extractEntry templates/help-search.mustache
679 silly gunzTarPerm extractEntry templates/help-uninstall.mustache
680 silly gunzTarPerm extractEntry templates/complete.mustache
681 silly gunzTarPerm extractEntry templates/help.mustache
682 silly gunzTarPerm extractEntry templates/info.mustache
683 silly gunzTarPerm extractEntry templates/lookup.mustache
684 silly gunzTarPerm extractEntry templates/register.mustache
685 silly gunzTarPerm extractEntry templates/search-empty.mustache
686 silly gunzTarPerm extractEntry templates/search.mustache
687 silly gunzTarPerm extractEntry templates/suggestions.mustache
688 silly gunzTarPerm extractEntry templates/tree-branch.mustache
689 silly gunzTarPerm extractEntry templates/warn.mustache
690 silly gunzTarPerm extractEntry templates/warning-missing.mustache
691 silly gunzTarPerm extractEntry templates/warning-uninstall.mustache
692 silly gunzTarPerm extractEntry test/cache-clean.js
693 silly gunzTarPerm extractEntry test/help.js
694 silly gunzTarPerm extractEntry test/info.js
695 silly gunzTarPerm extractEntry test/manager.js
696 silly gunzTarPerm extractEntry test/package.js
697 silly gunzTarPerm extractEntry test/assets/package-no-json/index.js
698 silly gunzTarPerm extractEntry test/assets/package-bootstrap/index.js
699 silly gunzTarPerm extractEntry test/assets/package-bootstrap/component.json
700 silly gunzTarPerm extractEntry test/assets/package-invalid-json/index.js
701 silly gunzTarPerm extractEntry test/assets/package-invalid-json/component.json
702 silly gunzTarPerm extractEntry test/assets/package-jquery/foo.js
703 silly gunzTarPerm extractEntry test/assets/package-jquery/index.js
704 silly gunzTarPerm extractEntry test/assets/package-jquery/component.json
705 silly gunzTarPerm extractEntry test/assets/package-jquery-copy/index.js
706 silly gunzTarPerm extractEntry test/assets/package-jquery-copy/component.json
707 silly gunzTarPerm extractEntry test/assets/package-deps-on-jquery/component.json
708 silly gunzTarPerm extractEntry test/assets/project/.npmignore
709 silly gunzTarPerm extractEntry test/assets/project/component.json
710 silly gunzTarPerm extractEntry test/assets/project-nested/component.json
711 silly gunzTarPerm extractEntry test/assets/project-nested-conflict/component.json
712 silly gunzTarPerm extractEntry test/assets/project-static/component.json
713 silly gunzTarPerm extractEntry test/assets/sprockets/.npmignore
714 silly gunzTarPerm extractEntry test/assets/sprockets/assets/application.js
715 silly gunzTarPerm extractEntry test/assets/sprockets/component.json
716 silly gunzTarPerm extractEntry test/assets/sprockets/Rakefile
717 verbose tar unpack /var/folders/q2/pcflv5xd4z35_whwqtb9n6pc0000gp/T/npm-4182-ezop4k2x/1420919318716-0.6527629003394395/tmp.tgz
718 silly lockFile 4f8bca4b-18716-0-6527629003394395-package tar:///var/folders/q2/pcflv5xd4z35_whwqtb9n6pc0000gp/T/npm-4182-ezop4k2x/1420919318716-0.6527629003394395/package
719 verbose lock tar:///var/folders/q2/pcflv5xd4z35_whwqtb9n6pc0000gp/T/npm-4182-ezop4k2x/1420919318716-0.6527629003394395/package /Users/dev/.npm/4f8bca4b-18716-0-6527629003394395-package.lock
720 silly lockFile 5cb280f9-18716-0-6527629003394395-tmp-tgz tar:///var/folders/q2/pcflv5xd4z35_whwqtb9n6pc0000gp/T/npm-4182-ezop4k2x/1420919318716-0.6527629003394395/tmp.tgz
721 verbose lock tar:///var/folders/q2/pcflv5xd4z35_whwqtb9n6pc0000gp/T/npm-4182-ezop4k2x/1420919318716-0.6527629003394395/tmp.tgz /Users/dev/.npm/5cb280f9-18716-0-6527629003394395-tmp-tgz.lock
722 silly gunzTarPerm modes [ '755', '644' ]
723 silly gunzTarPerm extractEntry package.json
724 silly gunzTarPerm extractEntry .npmignore
725 silly gunzTarPerm extractEntry README.md
726 silly gunzTarPerm extractEntry LICENSE
727 silly gunzTarPerm extractEntry Gruntfile.js
728 silly gunzTarPerm extractEntry HOOKS.md
729 silly gunzTarPerm extractEntry CHANGELOG.md
730 silly gunzTarPerm extractEntry CONTRIBUTING.md
731 silly gunzTarPerm extractEntry .editorconfig
732 silly gunzTarPerm extractEntry .jshintrc
733 silly gunzTarPerm extractEntry bin/bower
734 silly gunzTarPerm extractEntry lib/config.js
735 silly gunzTarPerm extractEntry lib/index.js
736 silly gunzTarPerm extractEntry lib/commands/version.js
737 silly gunzTarPerm extractEntry lib/commands/info.js
738 silly gunzTarPerm extractEntry lib/commands/init.js
739 silly gunzTarPerm extractEntry lib/commands/install.js
740 silly gunzTarPerm extractEntry lib/commands/index.js
741 silly gunzTarPerm extractEntry lib/commands/list.js
742 silly gunzTarPerm extractEntry lib/commands/lookup.js
743 silly gunzTarPerm extractEntry lib/commands/prune.js
744 silly gunzTarPerm extractEntry lib/commands/register.js
745 silly gunzTarPerm extractEntry lib/commands/search.js
746 silly gunzTarPerm extractEntry lib/commands/home.js
747 silly gunzTarPerm extractEntry lib/commands/uninstall.js
748 silly gunzTarPerm extractEntry lib/commands/help.js
749 silly gunzTarPerm extractEntry lib/commands/update.js
750 silly gunzTarPerm extractEntry lib/commands/completion.js
751 silly gunzTarPerm extractEntry lib/commands/link.js
752 silly gunzTarPerm extractEntry lib/commands/cache/clean.js
753 silly gunzTarPerm extractEntry lib/commands/cache/list.js
754 silly gunzTarPerm extractEntry lib/core/Manager.js
755 silly gunzTarPerm extractEntry lib/core/PackageRepository.js
756 silly gunzTarPerm extractEntry lib/core/Project.js
757 silly lockFile 398ddaf1-18708-0-7680684681981802-package tar:///var/folders/q2/pcflv5xd4z35_whwqtb9n6pc0000gp/T/npm-4182-ezop4k2x/1420919318708-0.7680684681981802/package
758 silly lockFile 398ddaf1-18708-0-7680684681981802-package tar:///var/folders/q2/pcflv5xd4z35_whwqtb9n6pc0000gp/T/npm-4182-ezop4k2x/1420919318708-0.7680684681981802/package
759 silly gunzTarPerm extractEntry lib/core/ResolveCache.js
760 silly gunzTarPerm extractEntry lib/core/resolverFactory.js
761 silly lockFile 482a8838-18708-0-7680684681981802-tmp-tgz tar:///var/folders/q2/pcflv5xd4z35_whwqtb9n6pc0000gp/T/npm-4182-ezop4k2x/1420919318708-0.7680684681981802/tmp.tgz
762 silly lockFile 482a8838-18708-0-7680684681981802-tmp-tgz tar:///var/folders/q2/pcflv5xd4z35_whwqtb9n6pc0000gp/T/npm-4182-ezop4k2x/1420919318708-0.7680684681981802/tmp.tgz
763 verbose tar pack [ '/Users/dev/.npm/bower/0.3.2/package.tgz',
763 verbose tar pack   '/var/folders/q2/pcflv5xd4z35_whwqtb9n6pc0000gp/T/npm-4182-ezop4k2x/1420919318708-0.7680684681981802/package' ]
764 verbose tarball /Users/dev/.npm/bower/0.3.2/package.tgz
765 verbose folder /var/folders/q2/pcflv5xd4z35_whwqtb9n6pc0000gp/T/npm-4182-ezop4k2x/1420919318708-0.7680684681981802/package
766 silly lockFile 398ddaf1-18708-0-7680684681981802-package tar:///var/folders/q2/pcflv5xd4z35_whwqtb9n6pc0000gp/T/npm-4182-ezop4k2x/1420919318708-0.7680684681981802/package
767 verbose lock tar:///var/folders/q2/pcflv5xd4z35_whwqtb9n6pc0000gp/T/npm-4182-ezop4k2x/1420919318708-0.7680684681981802/package /Users/dev/.npm/398ddaf1-18708-0-7680684681981802-package.lock
768 silly lockFile ab559b52--dev-npm-bower-0-3-2-package-tgz tar:///Users/dev/.npm/bower/0.3.2/package.tgz
769 verbose lock tar:///Users/dev/.npm/bower/0.3.2/package.tgz /Users/dev/.npm/ab559b52--dev-npm-bower-0-3-2-package-tgz.lock
770 silly gunzTarPerm extractEntry lib/core/scripts.js
771 silly gunzTarPerm extractEntry lib/core/resolvers/FsResolver.js
772 silly gunzTarPerm extractEntry lib/core/resolvers/GitFsResolver.js
773 silly gunzTarPerm extractEntry lib/core/resolvers/GitHubResolver.js
774 silly gunzTarPerm extractEntry lib/core/resolvers/GitRemoteResolver.js
775 silly gunzTarPerm extractEntry lib/core/resolvers/GitResolver.js
776 silly gunzTarPerm extractEntry lib/core/resolvers/Resolver.js
777 silly gunzTarPerm extractEntry lib/core/resolvers/SvnResolver.js
778 silly gunzTarPerm extractEntry lib/core/resolvers/UrlResolver.js
779 silly gunzTarPerm extractEntry lib/core/resolvers/index.js
780 silly gunzTarPerm extractEntry lib/renderers/JsonRenderer.js
781 silly gunzTarPerm extractEntry lib/renderers/StandardRenderer.js
782 silly gunzTarPerm extractEntry lib/renderers/index.js
783 silly gunzTarPerm extractEntry lib/util/analytics.js
784 silly gunzTarPerm extractEntry lib/util/createError.js
785 silly gunzTarPerm extractEntry lib/util/createLink.js
786 silly gunzTarPerm extractEntry lib/util/download.js
787 silly gunzTarPerm extractEntry lib/util/copy.js
788 silly gunzTarPerm extractEntry lib/util/md5.js
789 silly gunzTarPerm extractEntry lib/util/readJson.js
790 silly gunzTarPerm extractEntry lib/util/removeIgnores.js
791 silly gunzTarPerm extractEntry lib/util/rootCheck.js
792 silly gunzTarPerm extractEntry lib/util/semver.js
793 silly gunzTarPerm extractEntry lib/util/cmd.js
794 silly gunzTarPerm extractEntry lib/util/template.js
795 silly gunzTarPerm extractEntry lib/util/cli.js
796 silly gunzTarPerm extractEntry lib/util/validLink.js
797 silly gunzTarPerm extractEntry lib/util/extract.js
798 silly gunzTarPerm extractEntry templates/helpers/colors.js
799 silly gunzTarPerm extractEntry templates/helpers/condense.js
800 silly gunzTarPerm extractEntry templates/helpers/indent.js
801 silly gunzTarPerm extractEntry templates/helpers/index.js
802 silly gunzTarPerm extractEntry templates/helpers/rpad.js
803 silly gunzTarPerm extractEntry templates/helpers/sum.js
804 silly gunzTarPerm extractEntry templates/json/help-lookup.json
805 silly gunzTarPerm extractEntry templates/json/help-cache/clean.json
806 silly gunzTarPerm extractEntry templates/json/help-cache/list.json
807 silly gunzTarPerm extractEntry templates/json/help-home.json
808 silly gunzTarPerm extractEntry templates/json/help-info.json
809 silly gunzTarPerm extractEntry templates/json/help-init.json
810 silly gunzTarPerm extractEntry templates/json/help-install.json
811 silly gunzTarPerm extractEntry templates/json/help-link.json
812 silly gunzTarPerm extractEntry templates/json/help-list.json
813 silly gunzTarPerm extractEntry templates/json/help-cache.json
814 silly gunzTarPerm extractEntry templates/json/help-prune.json
815 silly gunzTarPerm extractEntry templates/json/help-register.json
816 silly gunzTarPerm extractEntry templates/json/help-search.json
817 silly gunzTarPerm extractEntry templates/json/help-uninstall.json
818 silly gunzTarPerm extractEntry templates/json/help-update.json
819 silly gunzTarPerm extractEntry templates/json/help-version.json
820 silly gunzTarPerm extractEntry templates/json/help.json
821 silly gunzTarPerm extractEntry templates/std/conflict-resolved.std
822 silly gunzTarPerm extractEntry templates/std/conflict.std
823 silly lockFile 398ddaf1-18708-0-7680684681981802-package tar:///var/folders/q2/pcflv5xd4z35_whwqtb9n6pc0000gp/T/npm-4182-ezop4k2x/1420919318708-0.7680684681981802/package
824 silly lockFile 398ddaf1-18708-0-7680684681981802-package tar:///var/folders/q2/pcflv5xd4z35_whwqtb9n6pc0000gp/T/npm-4182-ezop4k2x/1420919318708-0.7680684681981802/package
825 silly gunzTarPerm extractEntry templates/std/help-cache.std
826 silly gunzTarPerm extractEntry templates/std/help-generic.std
827 silly lockFile ab559b52--dev-npm-bower-0-3-2-package-tgz tar:///Users/dev/.npm/bower/0.3.2/package.tgz
828 silly lockFile ab559b52--dev-npm-bower-0-3-2-package-tgz tar:///Users/dev/.npm/bower/0.3.2/package.tgz
829 silly lockFile 53df6e45-sers-dev-npm-bower-0-3-2-package /Users/dev/.npm/bower/0.3.2/package
830 verbose lock /Users/dev/.npm/bower/0.3.2/package /Users/dev/.npm/53df6e45-sers-dev-npm-bower-0-3-2-package.lock
831 silly gunzTarPerm extractEntry templates/std/help.std
832 silly gunzTarPerm extractEntry templates/std/info.std
833 silly gunzTarPerm extractEntry templates/std/lookup.std
834 silly gunzTarPerm extractEntry templates/std/register.std
835 silly lockFile 53df6e45-sers-dev-npm-bower-0-3-2-package /Users/dev/.npm/bower/0.3.2/package
836 silly lockFile 53df6e45-sers-dev-npm-bower-0-3-2-package /Users/dev/.npm/bower/0.3.2/package
837 verbose tar unpack /Users/dev/.npm/bower/0.3.2/package.tgz
838 silly lockFile af1c721b-sers-dev-npm-bower-0-3-2-package tar:///Users/dev/.npm/bower/0.3.2/package
839 verbose lock tar:///Users/dev/.npm/bower/0.3.2/package /Users/dev/.npm/af1c721b-sers-dev-npm-bower-0-3-2-package.lock
840 silly lockFile ab559b52--dev-npm-bower-0-3-2-package-tgz tar:///Users/dev/.npm/bower/0.3.2/package.tgz
841 verbose lock tar:///Users/dev/.npm/bower/0.3.2/package.tgz /Users/dev/.npm/ab559b52--dev-npm-bower-0-3-2-package-tgz.lock
842 silly gunzTarPerm modes [ '755', '644' ]
843 silly gunzTarPerm extractEntry package.json
844 silly gunzTarPerm extractEntry .npmignore
845 silly gunzTarPerm extractEntry README.md
846 silly gunzTarPerm extractEntry templates/std/search-results.std
847 silly gunzTarPerm extractEntry .travis.yml
848 silly gunzTarPerm extractEntry LICENSE
849 silly gunzTarPerm extractEntry .travis.yml
850 silly gunzTarPerm extractEntry test/helpers.js
851 silly gunzTarPerm extractEntry test/packages-svn.js
852 silly gunzTarPerm extractEntry Makefile
853 silly gunzTarPerm extractEntry test/packages.js
854 silly gunzTarPerm extractEntry test/test.js
855 silly gunzTarPerm extractEntry bin/bower
856 silly gunzTarPerm extractEntry lib/index.js
857 silly gunzTarPerm extractEntry test/packages-svn.json
858 silly gunzTarPerm extractEntry test/commands/index.js
859 silly gunzTarPerm extractEntry lib/commands/cache-clean.js
860 silly gunzTarPerm extractEntry lib/commands/index.js
861 silly gunzTarPerm extractEntry test/commands/init.js
862 silly gunzTarPerm extractEntry test/commands/install.js
863 silly gunzTarPerm extractEntry lib/commands/info.js
864 silly gunzTarPerm extractEntry lib/commands/install.js
865 silly gunzTarPerm extractEntry test/commands/uninstall.js
866 silly gunzTarPerm extractEntry test/commands/update.js
867 silly gunzTarPerm extractEntry lib/commands/help.js
868 silly gunzTarPerm extractEntry lib/commands/lookup.js
869 silly gunzTarPerm extractEntry test/assets/package-zip-single-bower-json.zip
870 silly gunzTarPerm extractEntry test/assets/package-tar.tar.gz
871 silly gunzTarPerm extractEntry lib/commands/register.js
872 silly gunzTarPerm extractEntry lib/commands/search.js
873 silly gunzTarPerm extractEntry test/assets/package-zip-folder-single-file.zip
874 silly gunzTarPerm extractEntry test/assets/package-zip-folder.zip
875 silly gunzTarPerm extractEntry lib/commands/uninstall.js
876 silly gunzTarPerm extractEntry lib/commands/update.js
877 silly gunzTarPerm extractEntry test/assets/package-zip-single-component-json.zip
878 silly gunzTarPerm extractEntry test/assets/package-zip-single-file.zip
879 silly gunzTarPerm extractEntry lib/commands/list.js
880 silly gunzTarPerm extractEntry lib/core/config.js
881 silly gunzTarPerm extractEntry test/assets/package-zip.zip
882 silly gunzTarPerm extractEntry test/assets/resolve-cache/list-json-1.json
883 silly gunzTarPerm extractEntry lib/core/manager.js
884 silly gunzTarPerm extractEntry lib/core/package.js
885 silly gunzTarPerm extractEntry test/assets/test-temp-dir/test-exception.js
886 silly gunzTarPerm extractEntry test/assets/test-temp-dir/test.js
887 silly gunzTarPerm extractEntry lib/core/source.js
888 silly gunzTarPerm extractEntry lib/core/unit_work.js
889 silly gunzTarPerm extractEntry test/packages.json
890 silly gunzTarPerm extractEntry test/core/Manager.js
891 silly gunzTarPerm extractEntry lib/util/file-exists.js
892 silly gunzTarPerm extractEntry lib/util/hogan-colors.js
893 silly gunzTarPerm extractEntry lib/util/prune.js
894 silly gunzTarPerm extractEntry lib/util/read-json.js
895 silly gunzTarPerm extractEntry test/core/packageRepository.js
896 silly gunzTarPerm extractEntry test/core/resolveCache.js
897 silly gunzTarPerm extractEntry test/core/resolverFactory.js
898 silly gunzTarPerm extractEntry test/core/scripts.js
899 silly gunzTarPerm extractEntry lib/util/save.js
900 silly gunzTarPerm extractEntry lib/util/template.js
901 silly gunzTarPerm extractEntry templates/help-update.mustache
902 silly gunzTarPerm extractEntry templates/action.mustache
903 silly gunzTarPerm extractEntry test/core/resolvers/fsResolver.js
904 silly gunzTarPerm extractEntry test/core/resolvers/gitFsResolver.js
905 silly gunzTarPerm extractEntry templates/error.mustache
906 silly gunzTarPerm extractEntry templates/help-cache-clean.mustache
907 silly gunzTarPerm extractEntry test/core/resolvers/gitHubResolver.js
908 silly gunzTarPerm extractEntry test/core/resolvers/gitRemoteResolver.js
909 silly gunzTarPerm extractEntry templates/help-info.mustache
910 silly gunzTarPerm extractEntry templates/help-install.mustache
911 silly gunzTarPerm extractEntry test/core/resolvers/gitResolver.js
912 silly gunzTarPerm extractEntry test/core/resolvers/resolver.js
913 silly gunzTarPerm extractEntry templates/help-list.mustache
914 silly gunzTarPerm extractEntry templates/help-lookup.mustache
915 silly gunzTarPerm extractEntry test/core/resolvers/svnResolver.js
916 silly gunzTarPerm extractEntry test/core/resolvers/urlResolver.js
917 silly gunzTarPerm extractEntry templates/help-register.mustache
918 silly gunzTarPerm extractEntry templates/help-search.mustache
919 silly gunzTarPerm extractEntry test/util/analytics.js
920 silly gunzTarPerm extractEntry test/util/index.js
921 silly gunzTarPerm extractEntry test/util/removeIgnores.js
922 silly gunzTarPerm extractEntry templates/help-uninstall.mustache
923 silly gunzTarPerm extractEntry templates/complete.mustache
924 silly gunzTarPerm extractEntry templates/help.mustache
925 silly gunzTarPerm extractEntry templates/info.mustache
926 silly gunzTarPerm extractEntry templates/lookup.mustache
927 silly gunzTarPerm extractEntry templates/register.mustache
928 silly gunzTarPerm extractEntry templates/search-empty.mustache
929 silly gunzTarPerm extractEntry templates/search.mustache
930 silly gunzTarPerm extractEntry templates/suggestions.mustache
931 silly gunzTarPerm extractEntry templates/tree-branch.mustache
932 silly gunzTarPerm extractEntry templates/warn.mustache
933 silly gunzTarPerm extractEntry templates/warning-missing.mustache
934 silly gunzTarPerm extractEntry templates/warning-uninstall.mustache
935 silly gunzTarPerm extractEntry test/cache-clean.js
936 silly gunzTarPerm extractEntry test/help.js
937 silly gunzTarPerm extractEntry test/info.js
938 silly gunzTarPerm extractEntry test/manager.js
939 silly gunzTarPerm extractEntry test/package.js
940 silly gunzTarPerm extractEntry test/assets/package-no-json/index.js
941 silly gunzTarPerm extractEntry test/assets/package-bootstrap/index.js
942 silly gunzTarPerm extractEntry test/assets/package-bootstrap/component.json
943 silly gunzTarPerm extractEntry test/assets/package-invalid-json/index.js
944 silly gunzTarPerm extractEntry test/assets/package-invalid-json/component.json
945 silly gunzTarPerm extractEntry test/assets/package-jquery/foo.js
946 silly gunzTarPerm extractEntry test/assets/package-jquery/index.js
947 silly gunzTarPerm extractEntry test/assets/package-jquery/component.json
948 silly gunzTarPerm extractEntry test/assets/package-jquery-copy/index.js
949 silly gunzTarPerm extractEntry test/assets/package-jquery-copy/component.json
950 silly gunzTarPerm extractEntry test/assets/package-deps-on-jquery/component.json
951 silly gunzTarPerm extractEntry test/assets/project/.npmignore
952 silly gunzTarPerm extractEntry test/assets/project/component.json
953 silly gunzTarPerm extractEntry test/assets/project-nested/component.json
954 silly gunzTarPerm extractEntry test/assets/project-nested-conflict/component.json
955 silly gunzTarPerm extractEntry test/assets/project-static/component.json
956 silly gunzTarPerm extractEntry test/assets/sprockets/.npmignore
957 silly gunzTarPerm extractEntry test/assets/sprockets/Rakefile
958 silly gunzTarPerm extractEntry test/assets/sprockets/assets/application.js
959 silly gunzTarPerm extractEntry test/assets/sprockets/component.json
960 silly lockFile af1c721b-sers-dev-npm-bower-0-3-2-package tar:///Users/dev/.npm/bower/0.3.2/package
961 silly lockFile af1c721b-sers-dev-npm-bower-0-3-2-package tar:///Users/dev/.npm/bower/0.3.2/package
962 silly lockFile ab559b52--dev-npm-bower-0-3-2-package-tgz tar:///Users/dev/.npm/bower/0.3.2/package.tgz
963 silly lockFile ab559b52--dev-npm-bower-0-3-2-package-tgz tar:///Users/dev/.npm/bower/0.3.2/package.tgz
964 verbose chmod /Users/dev/.npm/bower/0.3.2/package.tgz 644
965 verbose chown /Users/dev/.npm/bower/0.3.2/package.tgz [ 502, 20 ]
966 silly lockFile 8735d580--npmjs-org-bower-bower-0-3-2-tgz https://registry.npmjs.org/bower/-/bower-0.3.2.tgz
967 silly lockFile 8735d580--npmjs-org-bower-bower-0-3-2-tgz https://registry.npmjs.org/bower/-/bower-0.3.2.tgz
968 silly lockFile dc6374eb-bower-0-3-2 bower@0.3.2
969 silly lockFile dc6374eb-bower-0-3-2 bower@0.3.2
970 silly resolved [ { name: 'bower',
970 silly resolved     description: 'The browser package manager.',
970 silly resolved     version: '0.3.2',
970 silly resolved     author: { name: 'Twitter' },
970 silly resolved     licenses: [ [Object] ],
970 silly resolved     main: 'lib',
970 silly resolved     homepage: 'http://twitter.github.com/bower',
970 silly resolved     engines: { node: '>=0.8.0' },
970 silly resolved     dependencies:
970 silly resolved      { tmp: '~0.0.15',
970 silly resolved        vows: '~0.6.4',
970 silly resolved        glob: '~3.1.14',
970 silly resolved        nopt: '~2.0.0',
970 silly resolved        archy: '~0.0.2',
970 silly resolved        async: '~0.1.22',
970 silly resolved        colors: '~0.6.0-1',
970 silly resolved        rimraf: '~2.0.2',
970 silly resolved        mkdirp: '~0.3.4',
970 silly resolved        semver: '~1.1.0',
970 silly resolved        request: '~2.11.4',
970 silly resolved        fstream: '~0.1.19',
970 silly resolved        'hogan.js': '~2.0.0',
970 silly resolved        lodash: '~0.9.1',
970 silly resolved        'read-package-json': '~0.1.8',
970 silly resolved        stable: '~0.1.2',
970 silly resolved        rc: '~0.0.6' },
970 silly resolved     scripts: { test: 'mocha -R spec -t 20000' },
970 silly resolved     devDependencies: { mocha: '~1.6.0', nock: '~0.13.5' },
970 silly resolved     bin: { bower: 'bin/bower' },
970 silly resolved     preferGlobal: true,
970 silly resolved     readme: 'BOWER [![Build Status](https://secure.travis-ci.org/twitter/bower.png)](http://travis-ci.org/twitter/bower)\n=====\n\n### Introduction\n\nBower is a package manager for the web. Bower lets you easily install assets such as images, CSS and JavaScript, and manages dependencies for you.\n\nFor example, to install a package, run:\n\n    bower install jquery\n\nThis will download jQuery to `./components/jquery`. That\'s it. The idea is that Bower does package management and package management only.\n\n### Installing Bower\n\nBower is installed using [Node](http://nodejs.org/) and [npm](http://npmjs.org/) (oh my, how meta).\n\n    npm install bower -g\n\n### Usage\n\nYour best friend at this stage is probably `bower --help`.\n\nTo install a package:\n\n    bower install jquery\n    bower install git://github.com/maccman/package-jquery.git\n    bower install http://code.jquery.com/jquery-1.7.2.js\n    bower install ./repos/jquery\n\nAs you can see, packages can be installed by name, Git endpoint, URL or local path.\n\n[View all packages available through Bower\'s registry](http://sindresorhus.com/bower-components/).\n\nDuring install you can have Bower add an entry to your component.json as well:\n\n    bower install --save jquery\n\nTo update a package, reference it by name:\n\n    bower update jquery-ui\n\nTo list installed packages:\n\n    bower list\n\nTo search for packages:\n\n    bower search [name]\n\nTo list all the available packages, just call `bower search` without specifying a name.\n\nTo clean the cache:\n\n    bower cache-clean [name]\n\nSeveral packages can be cleaned at the same time.\nTo clean the entire cache, just call `bower cache-clean` without any names.\nAlso, both the install and update commands have a `--force` flag that tells bower to bypass the cache and always fetch remote sources.\n\nYou can disable colors by using the `--no-color` flag.\n\n### Bower Configuration\n\nBower can be configured by creating a .bowerrc file in your home folder (usually ~/bowerrc) with one or all of the following configuration parameters. You can also configure Bower on a per-project basis by creating a .bowerrc file in the project directory, Bower will merge this configuration with the configuration found in your home directory. This allows you to version your project specific Bower configuration with the rest of your code base.\n\n```json\n{\n  "directory" : "components",\n  "json"      : "component.json",\n  "endpoint"  : "https://bower.herokuapp.com"\n}\n```\n\nTo run your own Bower Endpoint for custom components/packages that are behind a firewall you can use a simple implementation of bower server at https://github.com/twitter/bower-server.\n\n\n### Defining a package\n\nYou can create a `component.json` file in your project\'s root, specifying all of its dependencies. This is similar to Node\'s `package.json`, or Ruby\'s `Gemfile`, and is useful for locking down a project\'s dependencies.\n\n```json\n{\n  "name": "myProject",\n  "version": "1.0.0",\n  "main": "./path/to/main.css",\n  "dependencies": {\n    "jquery": "~1.7.2"\n  }\n}\n```\n\nPut this under your project\'s root, listing all of your dependencies. When you run `bower install`, Bower will read this `component.json` file, resolve all the relevant dependencies and install them.\n\nFor now, `name`, `version`, `main`, and `dependencies` are the only properties that are used by Bower. If you have several files you\'re distributing as part of your package, pass an array to `main` like this:\n\n```json\n{\n  "name": "myProject",\n  "version": "1.0.0",\n  "main": ["./path/to/app.css", "./path/to/app.js", "./path/to/sprite.img"],\n  "dependencies": {\n    "jquery": "~1.7.2"\n  }\n}\n```\n\nThere should only be at most one file per file type in the `main` list. So only one `.js` or `.css`.\n\n### Installing dependencies\n\nDependencies are installed locally via the `bower install` command. First theyre resolved to find conflicts. Then theyre downloaded and unpacked in a local subdirectory called `./components`, for example:\n\n\n```\n/component.json\n/components/jquery/index.js\n/components/jquery/component.json\n```\n\nYou can also install packages one at a time `bower install git://my/git/thing`\n\nThere are no system wide dependencies, no dependencies are shared between different apps, and the dependency tree is flat.\n\n### Deploying\n\nThe easiest approach is to use Bower statically, just reference the packages manually from a script tag:\n\n    <script src="components/jquery/index.js"></script>\n\nFor more complex projects, you\'ll probably want to concatenate your scripts. Bower is just a package manager, but there are lots of awesome libraries out there to help you do this, such as [Sprockets](https://github.com/sstephenson/sprockets) and [RequireJS](http://requirejs.org/).\n\nFor example, to use Sprockets:\n\n```ruby\nenvironment = Sprockets::Environment.new\nenvironment.append_path \'components\'\nenvironment.append_path \'public\'\nrun environment\n```\n\n### Package Consumption\n\nBower also makes available a source mappingthis can be used by build tools to easily consume Bower components.\n\nIf you pass the option `--map` to bower\'s `list` command, it will generate a JSON with dependency objects. Alternatively, you can pass the `--paths` flag to the `list` command to get a simple path to name mapping:\n\n```json\n{\n  "backbone": "components/backbone/index.js",\n  "jquery": "components/jquery/index.js",\n  "underscore": "components/underscore/index.js"\n}\n```\n\n### Authoring packages\n\nTo register a new package, it\'s as simple as specifying a `component.json`, pushing the package to a Git endpoint, say GitHub, and running:\n\n    bower register myawesomepackagename git://github.com/maccmans/face\n\nThere\'s no authentication or user management. It\'s on a first come, first served basis. Think of it like a URL shortener. Now anyone can run `bower install myawesomepackagename`, and get your library installed.\n\nThere is no direct way to unregister a package yet. Meanwhile you can request it [here](https://github.com/twitter/bower/issues/120).\n\n### Philosophy\n\nCurrently, people are managing dependencies, such as JavaScript libraries, manually. This sucks, and we want to change it.\n\nIn a nutshell, Bower is a generic tool which will resolve dependencies and lock packages down to a version. It runs over Git, and is package-agnostic. A package may contain JavaScript, CSS, images, etc., and doesn\'t rely on any particular transport (AMD, CommonJS, etc.).\n\nBower then makes available a simple programmatic API which exposes the package dependency model, so that existing build tools (like Sprockets, LoadBuilder, curls.js, Ender, etc.) can consume it and build files accordingly.\n\n\n### Programmatic API\n\nBower provides a pretty powerful programmatic api. All commands can be accessed through the `bower.commands` object.\n\n```js\nvar bower = require(\'bower\');\n\nbower.commands\n  .install(paths, options)\n  .on(\'end\', function (data) {\n    data && console.log(data);\n  });\n```\n\nAll commands emit three types of events: `data`, `end`, and `error`.\n\nFor a better of idea how this works, you may want to check out [our bin file](https://github.com/twitter/bower/blob/master/bin/bower).\n\n### FAQ\n\n**What distinguishes Bower from Jam, Volo, Component, or Ender? What does it do better?**\n\nBower is a lower level component than Jam, Volo, Component, or Ender. These managers could consume Bower as a dependency.\n\nBower\'s aim is simply to install Git paths, resolve dependencies from a `component.json`, check versions, and then provide an API which reports on these things. Nothing more. This is a major diversion from past attempts at browser package management.\n\nBower is working under the assumption that there is a single, common problem in frontend application development: dependency resolution. Past attempts (Jam, Volo, Ender, Component) try to tackle this problem in such a way that they actually end up alienating and further segregating the JavaScript community around transports (Sprockets, CommonJS, RequireJS, regular script tags).\n\nBower offers a generic, unopinionated solution to the problem of package management, while exposing an API that can be consumed by a more opinionated build stack.\n\n\n**Volo is an arguably more established project and works with the GitHub search API. Will it take long for Bower to contain a decent number of packages?**\n\nBower (being a Git powered package manager) should, in theory, be capable of consuming every package that Volo does, with the additional benefit of supporting internal networks and other Git repositories not hosted on GitHub.\n\n**We recently saw what happened when the main NPM registry went down. Is a single point of failure possible for Bower and if so, do you have redundancy planned?**\n\nThere\'s no redundancy planned at the moment, as Bower just installs Git URLs. It\'s up to the URL provider to establish redundancy.\n\n**Isn\'t having a `package.json` file going to conflict with my npm\'s `package.json`? Will this be a problem?**\n\nDon\'t use a `package.json`  use a `component.json`.\n\n**Bower is an open-source Twitter project. How well can we expect it to be maintained in the future?**\n\nTwitter is in the process of migrating its frontend architecture onto Bower, so it\'s fairly safe to say it will be maintained and invested in going forward.\n\n\n### Contact\n\nHave a question? Ask on our mailing list!\n\ntwitter-bower@googlegroups.com\n\nhttp://groups.google.com/group/twitter-bower\n\n### Authors\n\n+ [@fat](http://github.com/fat)\n+ [@maccman](http://github.com/maccman)\n+ [@satazor](http://github.com/satazor)\n\nThanks for assistance and contributions:\n\n+ [@addyosmani](http://github.com/addyosmani)\n+ [@angus-c](http://github.com/angus-c)\n+ [@borismus](http://github.com/borismus)\n+ [@chriseppstein](http://github.com/chriseppstein)\n+ [@danwrong](http://github.com/danwrong)\n+ [@desandro](http://github.com/desandro)\n+ [@isaacs](http://github.com/isaacs)\n+ [@josh](http://github.com/josh)\n+ [@jrburke](http://github.com/jrburke)\n+ [@mklabs](http://github.com/mklabs)\n+ [@paulirish](http://github.com/paulirish)\n+ [@rvagg](http://github.com/rvagg)\n+ [@sindresorhus](http://github.com/sindresorhus)\n+ [@SlexAxton](http://github.com/SlexAxton)\n+ [@sstephenson](http://github.com/sstephenson)\n+ [@tomdale](http://github.com/tomdale)\n+ [@visionmedia](http://github.com/visionmedia)\n+ [@wagenet](http://github.com/wagenet)\n+ [@wycats](http://github.com/wycats)\n\n## License\n\nCopyright 2012 Twitter, Inc.\n\nLicensed under the MIT License\n',
970 silly resolved     readmeFilename: 'README.md',
970 silly resolved     _id: 'bower@0.3.2',
970 silly resolved     dist: { shasum: '547b5adef3be1820eb0f3f5fd630ed79a9fe52d1' },
970 silly resolved     _from: 'bower@0.3.2',
970 silly resolved     _resolved: 'https://registry.npmjs.org/bower/-/bower-0.3.2.tgz' } ]
971 info install bower@0.3.2 into /usr/local/lib/node_modules/yeoman
972 info installOne bower@0.3.2
973 info /usr/local/lib/node_modules/yeoman/node_modules/bower unbuild
974 info preuninstall bower@0.3.2
975 info uninstall bower@0.3.2
976 verbose false,/usr/local/lib/node_modules,/usr/local/lib/node_modules/yeoman/node_modules unbuild bower@0.3.2
977 verbose /usr/local/lib/node_modules/yeoman/node_modules/.bin,[object Object] binRoot
978 info /usr/local/lib/node_modules/yeoman/node_modules/bower unbuild
979 info preuninstall bower@0.3.2
980 info uninstall bower@0.3.2
981 verbose false,/usr/local/lib/node_modules,/usr/local/lib/node_modules/yeoman/node_modules unbuild bower@0.3.2
982 verbose /usr/local/lib/node_modules/yeoman/node_modules/.bin,[object Object] binRoot
983 error error rolling back Error: EACCES, unlink '/usr/local/lib/node_modules/yeoman/node_modules/.bin/bower'
983 error error rolling back  bower@0.3.2 { [Error: EACCES, unlink '/usr/local/lib/node_modules/yeoman/node_modules/.bin/bower']
983 error error rolling back   errno: 3,
983 error error rolling back   code: 'EACCES',
983 error error rolling back   path: '/usr/local/lib/node_modules/yeoman/node_modules/.bin/bower' }
984 error Error: EACCES, unlink '/usr/local/lib/node_modules/yeoman/node_modules/.bin/bower'
984 error  { [Error: EACCES, unlink '/usr/local/lib/node_modules/yeoman/node_modules/.bin/bower']
984 error   errno: 3,
984 error   code: 'EACCES',
984 error   path: '/usr/local/lib/node_modules/yeoman/node_modules/.bin/bower' }
985 error Please try running this command again as root/Administrator.
986 error System Darwin 13.4.0
987 error command "node" "/usr/local/bin/npm" "update" "-g" "bower"
988 error cwd /Users/dev/Desktop/ngAppDirect
989 error node -v v0.10.24
990 error npm -v 1.3.21
991 error path /usr/local/lib/node_modules/yeoman/node_modules/.bin/bower
992 error code EACCES
993 error errno 3
994 error stack Error: EACCES, unlink '/usr/local/lib/node_modules/yeoman/node_modules/.bin/bower'
995 verbose exit [ 3, true ]
